\BOOKMARK [0][-]{chapter.1}{\376\377\0001\000\040\000M\000o\000d\000u\000l\000e\000\040\000I\000n\000d\000e\000x}{}% 1
\BOOKMARK [1][-]{section.1.1}{\376\377\0001\000.\0001\000\040\000M\000o\000d\000u\000l\000e\000s}{chapter.1}% 2
\BOOKMARK [0][-]{chapter.2}{\376\377\0002\000\040\000D\000a\000t\000a\000\040\000S\000t\000r\000u\000c\000t\000u\000r\000e\000\040\000I\000n\000d\000e\000x}{}% 3
\BOOKMARK [1][-]{section.2.1}{\376\377\0002\000.\0001\000\040\000D\000a\000t\000a\000\040\000S\000t\000r\000u\000c\000t\000u\000r\000e\000s}{chapter.2}% 4
\BOOKMARK [0][-]{chapter.3}{\376\377\0003\000\040\000F\000i\000l\000e\000\040\000I\000n\000d\000e\000x}{}% 5
\BOOKMARK [1][-]{section.3.1}{\376\377\0003\000.\0001\000\040\000F\000i\000l\000e\000\040\000L\000i\000s\000t}{chapter.3}% 6
\BOOKMARK [0][-]{chapter.4}{\376\377\0004\000\040\000M\000o\000d\000u\000l\000e\000\040\000D\000o\000c\000u\000m\000e\000n\000t\000a\000t\000i\000o\000n}{}% 7
\BOOKMARK [1][-]{section.4.1}{\376\377\0004\000.\0001\000\040\000K\000e\000y\000b\000o\000a\000r\000d\000\040\000k\000e\000y\000s}{chapter.4}% 8
\BOOKMARK [2][-]{subsection.4.1.1}{\376\377\0004\000.\0001\000.\0001\000\040\000D\000e\000t\000a\000i\000l\000e\000d\000\040\000D\000e\000s\000c\000r\000i\000p\000t\000i\000o\000n}{section.4.1}% 9
\BOOKMARK [2][-]{subsection.4.1.2}{\376\377\0004\000.\0001\000.\0002\000\040\000M\000a\000c\000r\000o\000\040\000D\000e\000f\000i\000n\000i\000t\000i\000o\000n\000\040\000D\000o\000c\000u\000m\000e\000n\000t\000a\000t\000i\000o\000n}{section.4.1}% 10
\BOOKMARK [3][-]{subsubsection.4.1.2.1}{\376\377\0004\000.\0001\000.\0002\000.\0001\000\040\000K\000E\000Y\000\137\0000}{subsection.4.1.2}% 11
\BOOKMARK [3][-]{subsubsection.4.1.2.2}{\376\377\0004\000.\0001\000.\0002\000.\0002\000\040\000K\000E\000Y\000\137\0001}{subsection.4.1.2}% 12
\BOOKMARK [3][-]{subsubsection.4.1.2.3}{\376\377\0004\000.\0001\000.\0002\000.\0003\000\040\000K\000E\000Y\000\137\0002}{subsection.4.1.2}% 13
\BOOKMARK [3][-]{subsubsection.4.1.2.4}{\376\377\0004\000.\0001\000.\0002\000.\0004\000\040\000K\000E\000Y\000\137\0003}{subsection.4.1.2}% 14
\BOOKMARK [3][-]{subsubsection.4.1.2.5}{\376\377\0004\000.\0001\000.\0002\000.\0005\000\040\000K\000E\000Y\000\137\0004}{subsection.4.1.2}% 15
\BOOKMARK [3][-]{subsubsection.4.1.2.6}{\376\377\0004\000.\0001\000.\0002\000.\0006\000\040\000K\000E\000Y\000\137\0005}{subsection.4.1.2}% 16
\BOOKMARK [3][-]{subsubsection.4.1.2.7}{\376\377\0004\000.\0001\000.\0002\000.\0007\000\040\000K\000E\000Y\000\137\0006}{subsection.4.1.2}% 17
\BOOKMARK [3][-]{subsubsection.4.1.2.8}{\376\377\0004\000.\0001\000.\0002\000.\0008\000\040\000K\000E\000Y\000\137\0007}{subsection.4.1.2}% 18
\BOOKMARK [3][-]{subsubsection.4.1.2.9}{\376\377\0004\000.\0001\000.\0002\000.\0009\000\040\000K\000E\000Y\000\137\0008}{subsection.4.1.2}% 19
\BOOKMARK [3][-]{subsubsection.4.1.2.10}{\376\377\0004\000.\0001\000.\0002\000.\0001\0000\000\040\000K\000E\000Y\000\137\0009}{subsection.4.1.2}% 20
\BOOKMARK [3][-]{subsubsection.4.1.2.11}{\376\377\0004\000.\0001\000.\0002\000.\0001\0001\000\040\000K\000E\000Y\000\137\000A}{subsection.4.1.2}% 21
\BOOKMARK [3][-]{subsubsection.4.1.2.12}{\376\377\0004\000.\0001\000.\0002\000.\0001\0002\000\040\000K\000E\000Y\000\137\000A\000P\000O\000S\000T\000R\000O\000P\000H\000E}{subsection.4.1.2}% 22
\BOOKMARK [3][-]{subsubsection.4.1.2.13}{\376\377\0004\000.\0001\000.\0002\000.\0001\0003\000\040\000K\000E\000Y\000\137\000B}{subsection.4.1.2}% 23
\BOOKMARK [3][-]{subsubsection.4.1.2.14}{\376\377\0004\000.\0001\000.\0002\000.\0001\0004\000\040\000K\000E\000Y\000\137\000B\000A\000C\000K\000S\000L\000A\000S\000H}{subsection.4.1.2}% 24
\BOOKMARK [3][-]{subsubsection.4.1.2.15}{\376\377\0004\000.\0001\000.\0002\000.\0001\0005\000\040\000K\000E\000Y\000\137\000B\000A\000C\000K\000S\000P\000A\000C\000E}{subsection.4.1.2}% 25
\BOOKMARK [3][-]{subsubsection.4.1.2.16}{\376\377\0004\000.\0001\000.\0002\000.\0001\0006\000\040\000K\000E\000Y\000\137\000C}{subsection.4.1.2}% 26
\BOOKMARK [3][-]{subsubsection.4.1.2.17}{\376\377\0004\000.\0001\000.\0002\000.\0001\0007\000\040\000K\000E\000Y\000\137\000C\000A\000P\000S\000\137\000L\000O\000C\000K}{subsection.4.1.2}% 27
\BOOKMARK [3][-]{subsubsection.4.1.2.18}{\376\377\0004\000.\0001\000.\0002\000.\0001\0008\000\040\000K\000E\000Y\000\137\000C\000O\000M\000M\000A}{subsection.4.1.2}% 28
\BOOKMARK [3][-]{subsubsection.4.1.2.19}{\376\377\0004\000.\0001\000.\0002\000.\0001\0009\000\040\000K\000E\000Y\000\137\000D}{subsection.4.1.2}% 29
\BOOKMARK [3][-]{subsubsection.4.1.2.20}{\376\377\0004\000.\0001\000.\0002\000.\0002\0000\000\040\000K\000E\000Y\000\137\000D\000E\000L\000E\000T\000E}{subsection.4.1.2}% 30
\BOOKMARK [3][-]{subsubsection.4.1.2.21}{\376\377\0004\000.\0001\000.\0002\000.\0002\0001\000\040\000K\000E\000Y\000\137\000D\000O\000W\000N}{subsection.4.1.2}% 31
\BOOKMARK [3][-]{subsubsection.4.1.2.22}{\376\377\0004\000.\0001\000.\0002\000.\0002\0002\000\040\000K\000E\000Y\000\137\000E}{subsection.4.1.2}% 32
\BOOKMARK [3][-]{subsubsection.4.1.2.23}{\376\377\0004\000.\0001\000.\0002\000.\0002\0003\000\040\000K\000E\000Y\000\137\000E\000N\000D}{subsection.4.1.2}% 33
\BOOKMARK [3][-]{subsubsection.4.1.2.24}{\376\377\0004\000.\0001\000.\0002\000.\0002\0004\000\040\000K\000E\000Y\000\137\000E\000N\000T\000E\000R}{subsection.4.1.2}% 34
\BOOKMARK [3][-]{subsubsection.4.1.2.25}{\376\377\0004\000.\0001\000.\0002\000.\0002\0005\000\040\000K\000E\000Y\000\137\000E\000Q\000U\000A\000L}{subsection.4.1.2}% 35
\BOOKMARK [3][-]{subsubsection.4.1.2.26}{\376\377\0004\000.\0001\000.\0002\000.\0002\0006\000\040\000K\000E\000Y\000\137\000E\000S\000C\000A\000P\000E}{subsection.4.1.2}% 36
\BOOKMARK [3][-]{subsubsection.4.1.2.27}{\376\377\0004\000.\0001\000.\0002\000.\0002\0007\000\040\000K\000E\000Y\000\137\000F}{subsection.4.1.2}% 37
\BOOKMARK [3][-]{subsubsection.4.1.2.28}{\376\377\0004\000.\0001\000.\0002\000.\0002\0008\000\040\000K\000E\000Y\000\137\000F\0001}{subsection.4.1.2}% 38
\BOOKMARK [3][-]{subsubsection.4.1.2.29}{\376\377\0004\000.\0001\000.\0002\000.\0002\0009\000\040\000K\000E\000Y\000\137\000F\0001\0000}{subsection.4.1.2}% 39
\BOOKMARK [3][-]{subsubsection.4.1.2.30}{\376\377\0004\000.\0001\000.\0002\000.\0003\0000\000\040\000K\000E\000Y\000\137\000F\0001\0001}{subsection.4.1.2}% 40
\BOOKMARK [3][-]{subsubsection.4.1.2.31}{\376\377\0004\000.\0001\000.\0002\000.\0003\0001\000\040\000K\000E\000Y\000\137\000F\0001\0002}{subsection.4.1.2}% 41
\BOOKMARK [3][-]{subsubsection.4.1.2.32}{\376\377\0004\000.\0001\000.\0002\000.\0003\0002\000\040\000K\000E\000Y\000\137\000F\0001\0003}{subsection.4.1.2}% 42
\BOOKMARK [3][-]{subsubsection.4.1.2.33}{\376\377\0004\000.\0001\000.\0002\000.\0003\0003\000\040\000K\000E\000Y\000\137\000F\0001\0004}{subsection.4.1.2}% 43
\BOOKMARK [3][-]{subsubsection.4.1.2.34}{\376\377\0004\000.\0001\000.\0002\000.\0003\0004\000\040\000K\000E\000Y\000\137\000F\0001\0005}{subsection.4.1.2}% 44
\BOOKMARK [3][-]{subsubsection.4.1.2.35}{\376\377\0004\000.\0001\000.\0002\000.\0003\0005\000\040\000K\000E\000Y\000\137\000F\0001\0006}{subsection.4.1.2}% 45
\BOOKMARK [3][-]{subsubsection.4.1.2.36}{\376\377\0004\000.\0001\000.\0002\000.\0003\0006\000\040\000K\000E\000Y\000\137\000F\0001\0007}{subsection.4.1.2}% 46
\BOOKMARK [3][-]{subsubsection.4.1.2.37}{\376\377\0004\000.\0001\000.\0002\000.\0003\0007\000\040\000K\000E\000Y\000\137\000F\0001\0008}{subsection.4.1.2}% 47
\BOOKMARK [3][-]{subsubsection.4.1.2.38}{\376\377\0004\000.\0001\000.\0002\000.\0003\0008\000\040\000K\000E\000Y\000\137\000F\0001\0009}{subsection.4.1.2}% 48
\BOOKMARK [3][-]{subsubsection.4.1.2.39}{\376\377\0004\000.\0001\000.\0002\000.\0003\0009\000\040\000K\000E\000Y\000\137\000F\0002}{subsection.4.1.2}% 49
\BOOKMARK [3][-]{subsubsection.4.1.2.40}{\376\377\0004\000.\0001\000.\0002\000.\0004\0000\000\040\000K\000E\000Y\000\137\000F\0002\0000}{subsection.4.1.2}% 50
\BOOKMARK [3][-]{subsubsection.4.1.2.41}{\376\377\0004\000.\0001\000.\0002\000.\0004\0001\000\040\000K\000E\000Y\000\137\000F\0002\0001}{subsection.4.1.2}% 51
\BOOKMARK [3][-]{subsubsection.4.1.2.42}{\376\377\0004\000.\0001\000.\0002\000.\0004\0002\000\040\000K\000E\000Y\000\137\000F\0002\0002}{subsection.4.1.2}% 52
\BOOKMARK [3][-]{subsubsection.4.1.2.43}{\376\377\0004\000.\0001\000.\0002\000.\0004\0003\000\040\000K\000E\000Y\000\137\000F\0002\0003}{subsection.4.1.2}% 53
\BOOKMARK [3][-]{subsubsection.4.1.2.44}{\376\377\0004\000.\0001\000.\0002\000.\0004\0004\000\040\000K\000E\000Y\000\137\000F\0002\0004}{subsection.4.1.2}% 54
\BOOKMARK [3][-]{subsubsection.4.1.2.45}{\376\377\0004\000.\0001\000.\0002\000.\0004\0005\000\040\000K\000E\000Y\000\137\000F\0002\0005}{subsection.4.1.2}% 55
\BOOKMARK [3][-]{subsubsection.4.1.2.46}{\376\377\0004\000.\0001\000.\0002\000.\0004\0006\000\040\000K\000E\000Y\000\137\000F\0003}{subsection.4.1.2}% 56
\BOOKMARK [3][-]{subsubsection.4.1.2.47}{\376\377\0004\000.\0001\000.\0002\000.\0004\0007\000\040\000K\000E\000Y\000\137\000F\0004}{subsection.4.1.2}% 57
\BOOKMARK [3][-]{subsubsection.4.1.2.48}{\376\377\0004\000.\0001\000.\0002\000.\0004\0008\000\040\000K\000E\000Y\000\137\000F\0005}{subsection.4.1.2}% 58
\BOOKMARK [3][-]{subsubsection.4.1.2.49}{\376\377\0004\000.\0001\000.\0002\000.\0004\0009\000\040\000K\000E\000Y\000\137\000F\0006}{subsection.4.1.2}% 59
\BOOKMARK [3][-]{subsubsection.4.1.2.50}{\376\377\0004\000.\0001\000.\0002\000.\0005\0000\000\040\000K\000E\000Y\000\137\000F\0007}{subsection.4.1.2}% 60
\BOOKMARK [3][-]{subsubsection.4.1.2.51}{\376\377\0004\000.\0001\000.\0002\000.\0005\0001\000\040\000K\000E\000Y\000\137\000F\0008}{subsection.4.1.2}% 61
\BOOKMARK [3][-]{subsubsection.4.1.2.52}{\376\377\0004\000.\0001\000.\0002\000.\0005\0002\000\040\000K\000E\000Y\000\137\000F\0009}{subsection.4.1.2}% 62
\BOOKMARK [3][-]{subsubsection.4.1.2.53}{\376\377\0004\000.\0001\000.\0002\000.\0005\0003\000\040\000K\000E\000Y\000\137\000G}{subsection.4.1.2}% 63
\BOOKMARK [3][-]{subsubsection.4.1.2.54}{\376\377\0004\000.\0001\000.\0002\000.\0005\0004\000\040\000K\000E\000Y\000\137\000G\000R\000A\000V\000E\000\137\000A\000C\000C\000E\000N\000T}{subsection.4.1.2}% 64
\BOOKMARK [3][-]{subsubsection.4.1.2.55}{\376\377\0004\000.\0001\000.\0002\000.\0005\0005\000\040\000K\000E\000Y\000\137\000H}{subsection.4.1.2}% 65
\BOOKMARK [3][-]{subsubsection.4.1.2.56}{\376\377\0004\000.\0001\000.\0002\000.\0005\0006\000\040\000K\000E\000Y\000\137\000H\000O\000M\000E}{subsection.4.1.2}% 66
\BOOKMARK [3][-]{subsubsection.4.1.2.57}{\376\377\0004\000.\0001\000.\0002\000.\0005\0007\000\040\000K\000E\000Y\000\137\000I}{subsection.4.1.2}% 67
\BOOKMARK [3][-]{subsubsection.4.1.2.58}{\376\377\0004\000.\0001\000.\0002\000.\0005\0008\000\040\000K\000E\000Y\000\137\000I\000N\000S\000E\000R\000T}{subsection.4.1.2}% 68
\BOOKMARK [3][-]{subsubsection.4.1.2.59}{\376\377\0004\000.\0001\000.\0002\000.\0005\0009\000\040\000K\000E\000Y\000\137\000J}{subsection.4.1.2}% 69
\BOOKMARK [3][-]{subsubsection.4.1.2.60}{\376\377\0004\000.\0001\000.\0002\000.\0006\0000\000\040\000K\000E\000Y\000\137\000K}{subsection.4.1.2}% 70
\BOOKMARK [3][-]{subsubsection.4.1.2.61}{\376\377\0004\000.\0001\000.\0002\000.\0006\0001\000\040\000K\000E\000Y\000\137\000K\000P\000\137\0000}{subsection.4.1.2}% 71
\BOOKMARK [3][-]{subsubsection.4.1.2.62}{\376\377\0004\000.\0001\000.\0002\000.\0006\0002\000\040\000K\000E\000Y\000\137\000K\000P\000\137\0001}{subsection.4.1.2}% 72
\BOOKMARK [3][-]{subsubsection.4.1.2.63}{\376\377\0004\000.\0001\000.\0002\000.\0006\0003\000\040\000K\000E\000Y\000\137\000K\000P\000\137\0002}{subsection.4.1.2}% 73
\BOOKMARK [3][-]{subsubsection.4.1.2.64}{\376\377\0004\000.\0001\000.\0002\000.\0006\0004\000\040\000K\000E\000Y\000\137\000K\000P\000\137\0003}{subsection.4.1.2}% 74
\BOOKMARK [3][-]{subsubsection.4.1.2.65}{\376\377\0004\000.\0001\000.\0002\000.\0006\0005\000\040\000K\000E\000Y\000\137\000K\000P\000\137\0004}{subsection.4.1.2}% 75
\BOOKMARK [3][-]{subsubsection.4.1.2.66}{\376\377\0004\000.\0001\000.\0002\000.\0006\0006\000\040\000K\000E\000Y\000\137\000K\000P\000\137\0005}{subsection.4.1.2}% 76
\BOOKMARK [3][-]{subsubsection.4.1.2.67}{\376\377\0004\000.\0001\000.\0002\000.\0006\0007\000\040\000K\000E\000Y\000\137\000K\000P\000\137\0006}{subsection.4.1.2}% 77
\BOOKMARK [3][-]{subsubsection.4.1.2.68}{\376\377\0004\000.\0001\000.\0002\000.\0006\0008\000\040\000K\000E\000Y\000\137\000K\000P\000\137\0007}{subsection.4.1.2}% 78
\BOOKMARK [3][-]{subsubsection.4.1.2.69}{\376\377\0004\000.\0001\000.\0002\000.\0006\0009\000\040\000K\000E\000Y\000\137\000K\000P\000\137\0008}{subsection.4.1.2}% 79
\BOOKMARK [3][-]{subsubsection.4.1.2.70}{\376\377\0004\000.\0001\000.\0002\000.\0007\0000\000\040\000K\000E\000Y\000\137\000K\000P\000\137\0009}{subsection.4.1.2}% 80
\BOOKMARK [3][-]{subsubsection.4.1.2.71}{\376\377\0004\000.\0001\000.\0002\000.\0007\0001\000\040\000K\000E\000Y\000\137\000K\000P\000\137\000A\000D\000D}{subsection.4.1.2}% 81
\BOOKMARK [3][-]{subsubsection.4.1.2.72}{\376\377\0004\000.\0001\000.\0002\000.\0007\0002\000\040\000K\000E\000Y\000\137\000K\000P\000\137\000D\000E\000C\000I\000M\000A\000L}{subsection.4.1.2}% 82
\BOOKMARK [3][-]{subsubsection.4.1.2.73}{\376\377\0004\000.\0001\000.\0002\000.\0007\0003\000\040\000K\000E\000Y\000\137\000K\000P\000\137\000D\000I\000V\000I\000D\000E}{subsection.4.1.2}% 83
\BOOKMARK [3][-]{subsubsection.4.1.2.74}{\376\377\0004\000.\0001\000.\0002\000.\0007\0004\000\040\000K\000E\000Y\000\137\000K\000P\000\137\000E\000N\000T\000E\000R}{subsection.4.1.2}% 84
\BOOKMARK [3][-]{subsubsection.4.1.2.75}{\376\377\0004\000.\0001\000.\0002\000.\0007\0005\000\040\000K\000E\000Y\000\137\000K\000P\000\137\000E\000Q\000U\000A\000L}{subsection.4.1.2}% 85
\BOOKMARK [3][-]{subsubsection.4.1.2.76}{\376\377\0004\000.\0001\000.\0002\000.\0007\0006\000\040\000K\000E\000Y\000\137\000K\000P\000\137\000M\000U\000L\000T\000I\000P\000L\000Y}{subsection.4.1.2}% 86
\BOOKMARK [3][-]{subsubsection.4.1.2.77}{\376\377\0004\000.\0001\000.\0002\000.\0007\0007\000\040\000K\000E\000Y\000\137\000K\000P\000\137\000S\000U\000B\000T\000R\000A\000C\000T}{subsection.4.1.2}% 87
\BOOKMARK [3][-]{subsubsection.4.1.2.78}{\376\377\0004\000.\0001\000.\0002\000.\0007\0008\000\040\000K\000E\000Y\000\137\000L}{subsection.4.1.2}% 88
\BOOKMARK [3][-]{subsubsection.4.1.2.79}{\376\377\0004\000.\0001\000.\0002\000.\0007\0009\000\040\000K\000E\000Y\000\137\000L\000E\000F\000T}{subsection.4.1.2}% 89
\BOOKMARK [3][-]{subsubsection.4.1.2.80}{\376\377\0004\000.\0001\000.\0002\000.\0008\0000\000\040\000K\000E\000Y\000\137\000L\000E\000F\000T\000\137\000A\000L\000T}{subsection.4.1.2}% 90
\BOOKMARK [3][-]{subsubsection.4.1.2.81}{\376\377\0004\000.\0001\000.\0002\000.\0008\0001\000\040\000K\000E\000Y\000\137\000L\000E\000F\000T\000\137\000B\000R\000A\000C\000K\000E\000T}{subsection.4.1.2}% 91
\BOOKMARK [3][-]{subsubsection.4.1.2.82}{\376\377\0004\000.\0001\000.\0002\000.\0008\0002\000\040\000K\000E\000Y\000\137\000L\000E\000F\000T\000\137\000C\000O\000N\000T\000R\000O\000L}{subsection.4.1.2}% 92
\BOOKMARK [3][-]{subsubsection.4.1.2.83}{\376\377\0004\000.\0001\000.\0002\000.\0008\0003\000\040\000K\000E\000Y\000\137\000L\000E\000F\000T\000\137\000S\000H\000I\000F\000T}{subsection.4.1.2}% 93
\BOOKMARK [3][-]{subsubsection.4.1.2.84}{\376\377\0004\000.\0001\000.\0002\000.\0008\0004\000\040\000K\000E\000Y\000\137\000L\000E\000F\000T\000\137\000S\000U\000P\000E\000R}{subsection.4.1.2}% 94
\BOOKMARK [3][-]{subsubsection.4.1.2.85}{\376\377\0004\000.\0001\000.\0002\000.\0008\0005\000\040\000K\000E\000Y\000\137\000M}{subsection.4.1.2}% 95
\BOOKMARK [3][-]{subsubsection.4.1.2.86}{\376\377\0004\000.\0001\000.\0002\000.\0008\0006\000\040\000K\000E\000Y\000\137\000M\000E\000N\000U}{subsection.4.1.2}% 96
\BOOKMARK [3][-]{subsubsection.4.1.2.87}{\376\377\0004\000.\0001\000.\0002\000.\0008\0007\000\040\000K\000E\000Y\000\137\000M\000I\000N\000U\000S}{subsection.4.1.2}% 97
\BOOKMARK [3][-]{subsubsection.4.1.2.88}{\376\377\0004\000.\0001\000.\0002\000.\0008\0008\000\040\000K\000E\000Y\000\137\000N}{subsection.4.1.2}% 98
\BOOKMARK [3][-]{subsubsection.4.1.2.89}{\376\377\0004\000.\0001\000.\0002\000.\0008\0009\000\040\000K\000E\000Y\000\137\000N\000U\000M\000\137\000L\000O\000C\000K}{subsection.4.1.2}% 99
\BOOKMARK [3][-]{subsubsection.4.1.2.90}{\376\377\0004\000.\0001\000.\0002\000.\0009\0000\000\040\000K\000E\000Y\000\137\000O}{subsection.4.1.2}% 100
\BOOKMARK [3][-]{subsubsection.4.1.2.91}{\376\377\0004\000.\0001\000.\0002\000.\0009\0001\000\040\000K\000E\000Y\000\137\000P}{subsection.4.1.2}% 101
\BOOKMARK [3][-]{subsubsection.4.1.2.92}{\376\377\0004\000.\0001\000.\0002\000.\0009\0002\000\040\000K\000E\000Y\000\137\000P\000A\000G\000E\000\137\000D\000O\000W\000N}{subsection.4.1.2}% 102
\BOOKMARK [3][-]{subsubsection.4.1.2.93}{\376\377\0004\000.\0001\000.\0002\000.\0009\0003\000\040\000K\000E\000Y\000\137\000P\000A\000G\000E\000\137\000U\000P}{subsection.4.1.2}% 103
\BOOKMARK [3][-]{subsubsection.4.1.2.94}{\376\377\0004\000.\0001\000.\0002\000.\0009\0004\000\040\000K\000E\000Y\000\137\000P\000A\000U\000S\000E}{subsection.4.1.2}% 104
\BOOKMARK [3][-]{subsubsection.4.1.2.95}{\376\377\0004\000.\0001\000.\0002\000.\0009\0005\000\040\000K\000E\000Y\000\137\000P\000E\000R\000I\000O\000D}{subsection.4.1.2}% 105
\BOOKMARK [3][-]{subsubsection.4.1.2.96}{\376\377\0004\000.\0001\000.\0002\000.\0009\0006\000\040\000K\000E\000Y\000\137\000P\000R\000I\000N\000T\000\137\000S\000C\000R\000E\000E\000N}{subsection.4.1.2}% 106
\BOOKMARK [3][-]{subsubsection.4.1.2.97}{\376\377\0004\000.\0001\000.\0002\000.\0009\0007\000\040\000K\000E\000Y\000\137\000Q}{subsection.4.1.2}% 107
\BOOKMARK [3][-]{subsubsection.4.1.2.98}{\376\377\0004\000.\0001\000.\0002\000.\0009\0008\000\040\000K\000E\000Y\000\137\000R}{subsection.4.1.2}% 108
\BOOKMARK [3][-]{subsubsection.4.1.2.99}{\376\377\0004\000.\0001\000.\0002\000.\0009\0009\000\040\000K\000E\000Y\000\137\000R\000I\000G\000H\000T}{subsection.4.1.2}% 109
\BOOKMARK [3][-]{subsubsection.4.1.2.100}{\376\377\0004\000.\0001\000.\0002\000.\0001\0000\0000\000\040\000K\000E\000Y\000\137\000R\000I\000G\000H\000T\000\137\000A\000L\000T}{subsection.4.1.2}% 110
\BOOKMARK [3][-]{subsubsection.4.1.2.101}{\376\377\0004\000.\0001\000.\0002\000.\0001\0000\0001\000\040\000K\000E\000Y\000\137\000R\000I\000G\000H\000T\000\137\000B\000R\000A\000C\000K\000E\000T}{subsection.4.1.2}% 111
\BOOKMARK [3][-]{subsubsection.4.1.2.102}{\376\377\0004\000.\0001\000.\0002\000.\0001\0000\0002\000\040\000K\000E\000Y\000\137\000R\000I\000G\000H\000T\000\137\000C\000O\000N\000T\000R\000O\000L}{subsection.4.1.2}% 112
\BOOKMARK [3][-]{subsubsection.4.1.2.103}{\376\377\0004\000.\0001\000.\0002\000.\0001\0000\0003\000\040\000K\000E\000Y\000\137\000R\000I\000G\000H\000T\000\137\000S\000H\000I\000F\000T}{subsection.4.1.2}% 113
\BOOKMARK [3][-]{subsubsection.4.1.2.104}{\376\377\0004\000.\0001\000.\0002\000.\0001\0000\0004\000\040\000K\000E\000Y\000\137\000R\000I\000G\000H\000T\000\137\000S\000U\000P\000E\000R}{subsection.4.1.2}% 114
\BOOKMARK [3][-]{subsubsection.4.1.2.105}{\376\377\0004\000.\0001\000.\0002\000.\0001\0000\0005\000\040\000K\000E\000Y\000\137\000S}{subsection.4.1.2}% 115
\BOOKMARK [3][-]{subsubsection.4.1.2.106}{\376\377\0004\000.\0001\000.\0002\000.\0001\0000\0006\000\040\000K\000E\000Y\000\137\000S\000C\000R\000O\000L\000L\000\137\000L\000O\000C\000K}{subsection.4.1.2}% 116
\BOOKMARK [3][-]{subsubsection.4.1.2.107}{\376\377\0004\000.\0001\000.\0002\000.\0001\0000\0007\000\040\000K\000E\000Y\000\137\000S\000E\000M\000I\000C\000O\000L\000O\000N}{subsection.4.1.2}% 117
\BOOKMARK [3][-]{subsubsection.4.1.2.108}{\376\377\0004\000.\0001\000.\0002\000.\0001\0000\0008\000\040\000K\000E\000Y\000\137\000S\000L\000A\000S\000H}{subsection.4.1.2}% 118
\BOOKMARK [3][-]{subsubsection.4.1.2.109}{\376\377\0004\000.\0001\000.\0002\000.\0001\0000\0009\000\040\000K\000E\000Y\000\137\000S\000P\000A\000C\000E}{subsection.4.1.2}% 119
\BOOKMARK [3][-]{subsubsection.4.1.2.110}{\376\377\0004\000.\0001\000.\0002\000.\0001\0001\0000\000\040\000K\000E\000Y\000\137\000T}{subsection.4.1.2}% 120
\BOOKMARK [3][-]{subsubsection.4.1.2.111}{\376\377\0004\000.\0001\000.\0002\000.\0001\0001\0001\000\040\000K\000E\000Y\000\137\000T\000A\000B}{subsection.4.1.2}% 121
\BOOKMARK [3][-]{subsubsection.4.1.2.112}{\376\377\0004\000.\0001\000.\0002\000.\0001\0001\0002\000\040\000K\000E\000Y\000\137\000U}{subsection.4.1.2}% 122
\BOOKMARK [3][-]{subsubsection.4.1.2.113}{\376\377\0004\000.\0001\000.\0002\000.\0001\0001\0003\000\040\000K\000E\000Y\000\137\000U\000P}{subsection.4.1.2}% 123
\BOOKMARK [3][-]{subsubsection.4.1.2.114}{\376\377\0004\000.\0001\000.\0002\000.\0001\0001\0004\000\040\000K\000E\000Y\000\137\000V}{subsection.4.1.2}% 124
\BOOKMARK [3][-]{subsubsection.4.1.2.115}{\376\377\0004\000.\0001\000.\0002\000.\0001\0001\0005\000\040\000K\000E\000Y\000\137\000W}{subsection.4.1.2}% 125
\BOOKMARK [3][-]{subsubsection.4.1.2.116}{\376\377\0004\000.\0001\000.\0002\000.\0001\0001\0006\000\040\000K\000E\000Y\000\137\000W\000O\000R\000L\000D\000\137\0001}{subsection.4.1.2}% 126
\BOOKMARK [3][-]{subsubsection.4.1.2.117}{\376\377\0004\000.\0001\000.\0002\000.\0001\0001\0007\000\040\000K\000E\000Y\000\137\000W\000O\000R\000L\000D\000\137\0002}{subsection.4.1.2}% 127
\BOOKMARK [3][-]{subsubsection.4.1.2.118}{\376\377\0004\000.\0001\000.\0002\000.\0001\0001\0008\000\040\000K\000E\000Y\000\137\000X}{subsection.4.1.2}% 128
\BOOKMARK [3][-]{subsubsection.4.1.2.119}{\376\377\0004\000.\0001\000.\0002\000.\0001\0001\0009\000\040\000K\000E\000Y\000\137\000Y}{subsection.4.1.2}% 129
\BOOKMARK [3][-]{subsubsection.4.1.2.120}{\376\377\0004\000.\0001\000.\0002\000.\0001\0002\0000\000\040\000K\000E\000Y\000\137\000Z}{subsection.4.1.2}% 130
\BOOKMARK [3][-]{subsubsection.4.1.2.121}{\376\377\0004\000.\0001\000.\0002\000.\0001\0002\0001\000\040\000K\000E\000Y\000S\000\137\000M\000A\000X\000\137\000K\000E\000Y\000S}{subsection.4.1.2}% 131
\BOOKMARK [1][-]{section.4.2}{\376\377\0004\000.\0002\000\040\000M\000o\000u\000s\000e\000\040\000b\000u\000t\000t\000o\000n\000s}{chapter.4}% 132
\BOOKMARK [2][-]{subsection.4.2.1}{\376\377\0004\000.\0002\000.\0001\000\040\000D\000e\000t\000a\000i\000l\000e\000d\000\040\000D\000e\000s\000c\000r\000i\000p\000t\000i\000o\000n}{section.4.2}% 133
\BOOKMARK [2][-]{subsection.4.2.2}{\376\377\0004\000.\0002\000.\0002\000\040\000M\000a\000c\000r\000o\000\040\000D\000e\000f\000i\000n\000i\000t\000i\000o\000n\000\040\000D\000o\000c\000u\000m\000e\000n\000t\000a\000t\000i\000o\000n}{section.4.2}% 134
\BOOKMARK [3][-]{subsubsection.4.2.2.1}{\376\377\0004\000.\0002\000.\0002\000.\0001\000\040\000M\000O\000U\000S\000E\000\137\000B\000U\000T\000T\000O\000N\000\137\0001}{subsection.4.2.2}% 135
\BOOKMARK [3][-]{subsubsection.4.2.2.2}{\376\377\0004\000.\0002\000.\0002\000.\0002\000\040\000M\000O\000U\000S\000E\000\137\000B\000U\000T\000T\000O\000N\000\137\0002}{subsection.4.2.2}% 136
\BOOKMARK [3][-]{subsubsection.4.2.2.3}{\376\377\0004\000.\0002\000.\0002\000.\0003\000\040\000M\000O\000U\000S\000E\000\137\000B\000U\000T\000T\000O\000N\000\137\0003}{subsection.4.2.2}% 137
\BOOKMARK [3][-]{subsubsection.4.2.2.4}{\376\377\0004\000.\0002\000.\0002\000.\0004\000\040\000M\000O\000U\000S\000E\000\137\000B\000U\000T\000T\000O\000N\000\137\0004}{subsection.4.2.2}% 138
\BOOKMARK [3][-]{subsubsection.4.2.2.5}{\376\377\0004\000.\0002\000.\0002\000.\0005\000\040\000M\000O\000U\000S\000E\000\137\000B\000U\000T\000T\000O\000N\000\137\0005}{subsection.4.2.2}% 139
\BOOKMARK [3][-]{subsubsection.4.2.2.6}{\376\377\0004\000.\0002\000.\0002\000.\0006\000\040\000M\000O\000U\000S\000E\000\137\000B\000U\000T\000T\000O\000N\000\137\0006}{subsection.4.2.2}% 140
\BOOKMARK [3][-]{subsubsection.4.2.2.7}{\376\377\0004\000.\0002\000.\0002\000.\0007\000\040\000M\000O\000U\000S\000E\000\137\000B\000U\000T\000T\000O\000N\000\137\0007}{subsection.4.2.2}% 141
\BOOKMARK [3][-]{subsubsection.4.2.2.8}{\376\377\0004\000.\0002\000.\0002\000.\0008\000\040\000M\000O\000U\000S\000E\000\137\000B\000U\000T\000T\000O\000N\000\137\0008}{subsection.4.2.2}% 142
\BOOKMARK [3][-]{subsubsection.4.2.2.9}{\376\377\0004\000.\0002\000.\0002\000.\0009\000\040\000M\000O\000U\000S\000E\000\137\000B\000U\000T\000T\000O\000N\000\137\000L\000E\000F\000T}{subsection.4.2.2}% 143
\BOOKMARK [3][-]{subsubsection.4.2.2.10}{\376\377\0004\000.\0002\000.\0002\000.\0001\0000\000\040\000M\000O\000U\000S\000E\000\137\000B\000U\000T\000T\000O\000N\000\137\000M\000A\000X}{subsection.4.2.2}% 144
\BOOKMARK [3][-]{subsubsection.4.2.2.11}{\376\377\0004\000.\0002\000.\0002\000.\0001\0001\000\040\000M\000O\000U\000S\000E\000\137\000B\000U\000T\000T\000O\000N\000\137\000M\000I\000D\000D\000L\000E}{subsection.4.2.2}% 145
\BOOKMARK [3][-]{subsubsection.4.2.2.12}{\376\377\0004\000.\0002\000.\0002\000.\0001\0002\000\040\000M\000O\000U\000S\000E\000\137\000B\000U\000T\000T\000O\000N\000\137\000R\000I\000G\000H\000T}{subsection.4.2.2}% 146
\BOOKMARK [0][-]{chapter.5}{\376\377\0005\000\040\000D\000a\000t\000a\000\040\000S\000t\000r\000u\000c\000t\000u\000r\000e\000\040\000D\000o\000c\000u\000m\000e\000n\000t\000a\000t\000i\000o\000n}{}% 147
\BOOKMARK [1][-]{section.5.1}{\376\377\0005\000.\0001\000\040\000a\000n\000i\000m\000a\000t\000i\000o\000n\000\040\000S\000t\000r\000u\000c\000t\000\040\000R\000e\000f\000e\000r\000e\000n\000c\000e}{chapter.5}% 148
\BOOKMARK [2][-]{subsection.5.1.1}{\376\377\0005\000.\0001\000.\0001\000\040\000F\000i\000e\000l\000d\000\040\000D\000o\000c\000u\000m\000e\000n\000t\000a\000t\000i\000o\000n}{section.5.1}% 149
\BOOKMARK [3][-]{subsubsection.5.1.1.1}{\376\377\0005\000.\0001\000.\0001\000.\0001\000\040\000f\000i\000r\000s\000t\000\137\000f\000r\000a\000m\000e}{subsection.5.1.1}% 150
\BOOKMARK [3][-]{subsubsection.5.1.1.2}{\376\377\0005\000.\0001\000.\0001\000.\0002\000\040\000f\000r\000a\000m\000e\000t\000i\000m\000e}{subsection.5.1.1}% 151
\BOOKMARK [3][-]{subsubsection.5.1.1.3}{\376\377\0005\000.\0001\000.\0001\000.\0003\000\040\000l\000a\000s\000t\000\137\000f\000r\000a\000m\000e}{subsection.5.1.1}% 152
\BOOKMARK [3][-]{subsubsection.5.1.1.4}{\376\377\0005\000.\0001\000.\0001\000.\0004\000\040\000t\000e\000x\000t\000u\000r\000e}{subsection.5.1.1}% 153
\BOOKMARK [3][-]{subsubsection.5.1.1.5}{\376\377\0005\000.\0001\000.\0001\000.\0005\000\040\000t\000i\000l\000i\000n\000g}{subsection.5.1.1}% 154
\BOOKMARK [1][-]{section.5.2}{\376\377\0005\000.\0002\000\040\000a\000n\000i\000m\000a\000t\000o\000r\000\040\000S\000t\000r\000u\000c\000t\000\040\000R\000e\000f\000e\000r\000e\000n\000c\000e}{chapter.5}% 155
\BOOKMARK [2][-]{subsection.5.2.1}{\376\377\0005\000.\0002\000.\0001\000\040\000F\000i\000e\000l\000d\000\040\000D\000o\000c\000u\000m\000e\000n\000t\000a\000t\000i\000o\000n}{section.5.2}% 156
\BOOKMARK [3][-]{subsubsection.5.2.1.1}{\376\377\0005\000.\0002\000.\0001\000.\0001\000\040\000a\000n\000i\000m\000a\000t\000i\000o\000n}{subsection.5.2.1}% 157
\BOOKMARK [3][-]{subsubsection.5.2.1.2}{\376\377\0005\000.\0002\000.\0001\000.\0002\000\040\000c\000u\000r\000r\000e\000n\000t\000\137\000f\000r\000a\000m\000e}{subsection.5.2.1}% 158
\BOOKMARK [3][-]{subsubsection.5.2.1.3}{\376\377\0005\000.\0002\000.\0001\000.\0003\000\040\000p\000l\000a\000y\000i\000n\000g}{subsection.5.2.1}% 159
\BOOKMARK [3][-]{subsubsection.5.2.1.4}{\376\377\0005\000.\0002\000.\0001\000.\0004\000\040\000t\000i\000m\000e}{subsection.5.2.1}% 160
\BOOKMARK [1][-]{section.5.3}{\376\377\0005\000.\0003\000\040\000a\000t\000l\000a\000s\000\040\000S\000t\000r\000u\000c\000t\000\040\000R\000e\000f\000e\000r\000e\000n\000c\000e}{chapter.5}% 161
\BOOKMARK [2][-]{subsection.5.3.1}{\376\377\0005\000.\0003\000.\0001\000\040\000F\000i\000e\000l\000d\000\040\000D\000o\000c\000u\000m\000e\000n\000t\000a\000t\000i\000o\000n}{section.5.3}% 162
\BOOKMARK [3][-]{subsubsection.5.3.1.1}{\376\377\0005\000.\0003\000.\0001\000.\0001\000\040\000s\000p\000r\000i\000t\000e\000\137\000c\000o\000u\000n\000t}{subsection.5.3.1}% 163
\BOOKMARK [3][-]{subsubsection.5.3.1.2}{\376\377\0005\000.\0003\000.\0001\000.\0002\000\040\000s\000p\000r\000i\000t\000e\000s\000\137\000p\000e\000r\000\137\000r\000o\000w}{subsection.5.3.1}% 164
\BOOKMARK [3][-]{subsubsection.5.3.1.3}{\376\377\0005\000.\0003\000.\0001\000.\0003\000\040\000t\000i\000l\000i\000n\000g}{subsection.5.3.1}% 165
\BOOKMARK [3][-]{subsubsection.5.3.1.4}{\376\377\0005\000.\0003\000.\0001\000.\0004\000\040\000u\000v\000s}{subsection.5.3.1}% 166
\BOOKMARK [1][-]{section.5.4}{\376\377\0005\000.\0004\000\040\000e\000v\000e\000n\000t\000\137\000c\000o\000n\000t\000e\000x\000t\000\040\000S\000t\000r\000u\000c\000t\000\040\000R\000e\000f\000e\000r\000e\000n\000c\000e}{chapter.5}% 167
\BOOKMARK [2][-]{subsection.5.4.1}{\376\377\0005\000.\0004\000.\0001\000\040\000D\000e\000t\000a\000i\000l\000e\000d\000\040\000D\000e\000s\000c\000r\000i\000p\000t\000i\000o\000n}{section.5.4}% 168
\BOOKMARK [2][-]{subsection.5.4.2}{\376\377\0005\000.\0004\000.\0002\000\040\000F\000i\000e\000l\000d\000\040\000D\000o\000c\000u\000m\000e\000n\000t\000a\000t\000i\000o\000n}{section.5.4}% 169
\BOOKMARK [3][-]{subsubsection.5.4.2.1}{\376\377\0005\000.\0004\000.\0002\000.\0001\000\040\000c}{subsection.5.4.2}% 170
\BOOKMARK [3][-]{subsubsection.5.4.2.2}{\376\377\0005\000.\0004\000.\0002\000.\0002\000\040}{subsection.5.4.2}% 171
\BOOKMARK [3][-]{subsubsection.5.4.2.3}{\376\377\0005\000.\0004\000.\0002\000.\0003\000\040\000f\0003\0002}{subsection.5.4.2}% 172
\BOOKMARK [3][-]{subsubsection.5.4.2.4}{\376\377\0005\000.\0004\000.\0002\000.\0004\000\040\000f\0006\0004}{subsection.5.4.2}% 173
\BOOKMARK [3][-]{subsubsection.5.4.2.5}{\376\377\0005\000.\0004\000.\0002\000.\0005\000\040\000i\0001\0006}{subsection.5.4.2}% 174
\BOOKMARK [3][-]{subsubsection.5.4.2.6}{\376\377\0005\000.\0004\000.\0002\000.\0006\000\040\000i\0003\0002}{subsection.5.4.2}% 175
\BOOKMARK [3][-]{subsubsection.5.4.2.7}{\376\377\0005\000.\0004\000.\0002\000.\0007\000\040\000i\0006\0004}{subsection.5.4.2}% 176
\BOOKMARK [3][-]{subsubsection.5.4.2.8}{\376\377\0005\000.\0004\000.\0002\000.\0008\000\040\000i\0008}{subsection.5.4.2}% 177
\BOOKMARK [3][-]{subsubsection.5.4.2.9}{\376\377\0005\000.\0004\000.\0002\000.\0009\000\040\000u\0001\0006}{subsection.5.4.2}% 178
\BOOKMARK [3][-]{subsubsection.5.4.2.10}{\376\377\0005\000.\0004\000.\0002\000.\0001\0000\000\040\000u\0003\0002}{subsection.5.4.2}% 179
\BOOKMARK [3][-]{subsubsection.5.4.2.11}{\376\377\0005\000.\0004\000.\0002\000.\0001\0001\000\040\000u\0006\0004}{subsection.5.4.2}% 180
\BOOKMARK [3][-]{subsubsection.5.4.2.12}{\376\377\0005\000.\0004\000.\0002\000.\0001\0002\000\040\000u\0008}{subsection.5.4.2}% 181
\BOOKMARK [1][-]{section.5.5}{\376\377\0005\000.\0005\000\040\000i\000m\000a\000g\000e\000\040\000S\000t\000r\000u\000c\000t\000\040\000R\000e\000f\000e\000r\000e\000n\000c\000e}{chapter.5}% 182
\BOOKMARK [2][-]{subsection.5.5.1}{\376\377\0005\000.\0005\000.\0001\000\040\000F\000i\000e\000l\000d\000\040\000D\000o\000c\000u\000m\000e\000n\000t\000a\000t\000i\000o\000n}{section.5.5}% 183
\BOOKMARK [3][-]{subsubsection.5.5.1.1}{\376\377\0005\000.\0005\000.\0001\000.\0001\000\040\000b\000u\000f\000f\000e\000r}{subsection.5.5.1}% 184
\BOOKMARK [3][-]{subsubsection.5.5.1.2}{\376\377\0005\000.\0005\000.\0001\000.\0002\000\040\000c\000h\000a\000n\000n\000e\000l\000s}{subsection.5.5.1}% 185
\BOOKMARK [3][-]{subsubsection.5.5.1.3}{\376\377\0005\000.\0005\000.\0001\000.\0003\000\040\000h\000e\000i\000g\000h\000t}{subsection.5.5.1}% 186
\BOOKMARK [3][-]{subsubsection.5.5.1.4}{\376\377\0005\000.\0005\000.\0001\000.\0004\000\040\000w\000i\000d\000t\000h}{subsection.5.5.1}% 187
\BOOKMARK [1][-]{section.5.6}{\376\377\0005\000.\0006\000\040\000r\000e\000s\000o\000u\000r\000c\000e\000\040\000S\000t\000r\000u\000c\000t\000\040\000R\000e\000f\000e\000r\000e\000n\000c\000e}{chapter.5}% 188
\BOOKMARK [2][-]{subsection.5.6.1}{\376\377\0005\000.\0006\000.\0001\000\040\000F\000i\000e\000l\000d\000\040\000D\000o\000c\000u\000m\000e\000n\000t\000a\000t\000i\000o\000n}{section.5.6}% 189
\BOOKMARK [3][-]{subsubsection.5.6.1.1}{\376\377\0005\000.\0006\000.\0001\000.\0001\000\040\000d\000a\000t\000a}{subsection.5.6.1}% 190
\BOOKMARK [3][-]{subsubsection.5.6.1.2}{\376\377\0005\000.\0006\000.\0001\000.\0002\000\040\000d\000e\000s\000t\000r\000u\000c\000t\000o\000r}{subsection.5.6.1}% 191
\BOOKMARK [1][-]{section.5.7}{\376\377\0005\000.\0007\000\040\000s\000p\000r\000i\000t\000e\000r\000e\000n\000d\000e\000r\000e\000r\000\040\000S\000t\000r\000u\000c\000t\000\040\000R\000e\000f\000e\000r\000e\000n\000c\000e}{chapter.5}% 192
\BOOKMARK [2][-]{subsection.5.7.1}{\376\377\0005\000.\0007\000.\0001\000\040\000F\000i\000e\000l\000d\000\040\000D\000o\000c\000u\000m\000e\000n\000t\000a\000t\000i\000o\000n}{section.5.7}% 193
\BOOKMARK [3][-]{subsubsection.5.7.1.1}{\376\377\0005\000.\0007\000.\0001\000.\0001\000\040\000a\000t\000l\000a\000s}{subsection.5.7.1}% 194
\BOOKMARK [3][-]{subsubsection.5.7.1.2}{\376\377\0005\000.\0007\000.\0001\000.\0002\000\040\000e\000n\000t\000i\000t\000y}{subsection.5.7.1}% 195
\BOOKMARK [3][-]{subsubsection.5.7.1.3}{\376\377\0005\000.\0007\000.\0001\000.\0003\000\040\000s\000i\000z\000e}{subsection.5.7.1}% 196
\BOOKMARK [3][-]{subsubsection.5.7.1.4}{\376\377\0005\000.\0007\000.\0001\000.\0004\000\040\000t\000e\000x\000t\000u\000r\000e}{subsection.5.7.1}% 197
\BOOKMARK [3][-]{subsubsection.5.7.1.5}{\376\377\0005\000.\0007\000.\0001\000.\0005\000\040\000u\000v\000s}{subsection.5.7.1}% 198
\BOOKMARK [1][-]{section.5.8}{\376\377\0005\000.\0008\000\040\000t\000e\000x\000t\000u\000r\000e\000\040\000S\000t\000r\000u\000c\000t\000\040\000R\000e\000f\000e\000r\000e\000n\000c\000e}{chapter.5}% 199
\BOOKMARK [2][-]{subsection.5.8.1}{\376\377\0005\000.\0008\000.\0001\000\040\000D\000e\000t\000a\000i\000l\000e\000d\000\040\000D\000e\000s\000c\000r\000i\000p\000t\000i\000o\000n}{section.5.8}% 200
\BOOKMARK [2][-]{subsection.5.8.2}{\376\377\0005\000.\0008\000.\0002\000\040\000F\000i\000e\000l\000d\000\040\000D\000o\000c\000u\000m\000e\000n\000t\000a\000t\000i\000o\000n}{section.5.8}% 201
\BOOKMARK [3][-]{subsubsection.5.8.2.1}{\376\377\0005\000.\0008\000.\0002\000.\0001\000\040\000h\000e\000i\000g\000h\000t}{subsection.5.8.2}% 202
\BOOKMARK [3][-]{subsubsection.5.8.2.2}{\376\377\0005\000.\0008\000.\0002\000.\0002\000\040\000i\000d}{subsection.5.8.2}% 203
\BOOKMARK [3][-]{subsubsection.5.8.2.3}{\376\377\0005\000.\0008\000.\0002\000.\0003\000\040\000w\000i\000d\000t\000h}{subsection.5.8.2}% 204
\BOOKMARK [1][-]{section.5.9}{\376\377\0005\000.\0009\000\040\000t\000r\000a\000n\000s\000f\000o\000r\000m\000\040\000S\000t\000r\000u\000c\000t\000\040\000R\000e\000f\000e\000r\000e\000n\000c\000e}{chapter.5}% 205
\BOOKMARK [2][-]{subsection.5.9.1}{\376\377\0005\000.\0009\000.\0001\000\040\000F\000i\000e\000l\000d\000\040\000D\000o\000c\000u\000m\000e\000n\000t\000a\000t\000i\000o\000n}{section.5.9}% 206
\BOOKMARK [3][-]{subsubsection.5.9.1.1}{\376\377\0005\000.\0009\000.\0001\000.\0001\000\040\000e\000n\000t\000i\000t\000y}{subsection.5.9.1}% 207
\BOOKMARK [3][-]{subsubsection.5.9.1.2}{\376\377\0005\000.\0009\000.\0001\000.\0002\000\040\000p\000o\000s\000i\000t\000i\000o\000n}{subsection.5.9.1}% 208
\BOOKMARK [3][-]{subsubsection.5.9.1.3}{\376\377\0005\000.\0009\000.\0001\000.\0003\000\040\000s\000c\000a\000l\000e}{subsection.5.9.1}% 209
\BOOKMARK [1][-]{section.5.10}{\376\377\0005\000.\0001\0000\000\040\000u\000v\000s\000\040\000S\000t\000r\000u\000c\000t\000\040\000R\000e\000f\000e\000r\000e\000n\000c\000e}{chapter.5}% 210
\BOOKMARK [2][-]{subsection.5.10.1}{\376\377\0005\000.\0001\0000\000.\0001\000\040\000F\000i\000e\000l\000d\000\040\000D\000o\000c\000u\000m\000e\000n\000t\000a\000t\000i\000o\000n}{section.5.10}% 211
\BOOKMARK [3][-]{subsubsection.5.10.1.1}{\376\377\0005\000.\0001\0000\000.\0001\000.\0001\000\040\000u\000v}{subsection.5.10.1}% 212
\BOOKMARK [1][-]{section.5.11}{\376\377\0005\000.\0001\0001\000\040\000v\000e\000c\000t\000o\000r\0002\000f\000\040\000S\000t\000r\000u\000c\000t\000\040\000R\000e\000f\000e\000r\000e\000n\000c\000e}{chapter.5}% 213
\BOOKMARK [2][-]{subsection.5.11.1}{\376\377\0005\000.\0001\0001\000.\0001\000\040\000F\000i\000e\000l\000d\000\040\000D\000o\000c\000u\000m\000e\000n\000t\000a\000t\000i\000o\000n}{section.5.11}% 214
\BOOKMARK [3][-]{subsubsection.5.11.1.1}{\376\377\0005\000.\0001\0001\000.\0001\000.\0001\000\040\000x}{subsection.5.11.1}% 215
\BOOKMARK [3][-]{subsubsection.5.11.1.2}{\376\377\0005\000.\0001\0001\000.\0001\000.\0002\000\040\000y}{subsection.5.11.1}% 216
\BOOKMARK [1][-]{section.5.12}{\376\377\0005\000.\0001\0002\000\040\000v\000e\000c\000t\000o\000r\0002\000i\000\040\000S\000t\000r\000u\000c\000t\000\040\000R\000e\000f\000e\000r\000e\000n\000c\000e}{chapter.5}% 217
\BOOKMARK [2][-]{subsection.5.12.1}{\376\377\0005\000.\0001\0002\000.\0001\000\040\000F\000i\000e\000l\000d\000\040\000D\000o\000c\000u\000m\000e\000n\000t\000a\000t\000i\000o\000n}{section.5.12}% 218
\BOOKMARK [3][-]{subsubsection.5.12.1.1}{\376\377\0005\000.\0001\0002\000.\0001\000.\0001\000\040\000x}{subsection.5.12.1}% 219
\BOOKMARK [3][-]{subsubsection.5.12.1.2}{\376\377\0005\000.\0001\0002\000.\0001\000.\0002\000\040\000y}{subsection.5.12.1}% 220
\BOOKMARK [1][-]{section.5.13}{\376\377\0005\000.\0001\0003\000\040\000v\000e\000c\000t\000o\000r\0003\000f\000\040\000S\000t\000r\000u\000c\000t\000\040\000R\000e\000f\000e\000r\000e\000n\000c\000e}{chapter.5}% 221
\BOOKMARK [2][-]{subsection.5.13.1}{\376\377\0005\000.\0001\0003\000.\0001\000\040\000F\000i\000e\000l\000d\000\040\000D\000o\000c\000u\000m\000e\000n\000t\000a\000t\000i\000o\000n}{section.5.13}% 222
\BOOKMARK [3][-]{subsubsection.5.13.1.1}{\376\377\0005\000.\0001\0003\000.\0001\000.\0001\000\040\000x}{subsection.5.13.1}% 223
\BOOKMARK [3][-]{subsubsection.5.13.1.2}{\376\377\0005\000.\0001\0003\000.\0001\000.\0002\000\040\000y}{subsection.5.13.1}% 224
\BOOKMARK [3][-]{subsubsection.5.13.1.3}{\376\377\0005\000.\0001\0003\000.\0001\000.\0003\000\040\000z}{subsection.5.13.1}% 225
\BOOKMARK [1][-]{section.5.14}{\376\377\0005\000.\0001\0004\000\040\000v\000e\000c\000t\000o\000r\0003\000i\000\040\000S\000t\000r\000u\000c\000t\000\040\000R\000e\000f\000e\000r\000e\000n\000c\000e}{chapter.5}% 226
\BOOKMARK [2][-]{subsection.5.14.1}{\376\377\0005\000.\0001\0004\000.\0001\000\040\000F\000i\000e\000l\000d\000\040\000D\000o\000c\000u\000m\000e\000n\000t\000a\000t\000i\000o\000n}{section.5.14}% 227
\BOOKMARK [3][-]{subsubsection.5.14.1.1}{\376\377\0005\000.\0001\0004\000.\0001\000.\0001\000\040\000x}{subsection.5.14.1}% 228
\BOOKMARK [3][-]{subsubsection.5.14.1.2}{\376\377\0005\000.\0001\0004\000.\0001\000.\0002\000\040\000y}{subsection.5.14.1}% 229
\BOOKMARK [3][-]{subsubsection.5.14.1.3}{\376\377\0005\000.\0001\0004\000.\0001\000.\0003\000\040\000z}{subsection.5.14.1}% 230
\BOOKMARK [0][-]{chapter.6}{\376\377\0006\000\040\000F\000i\000l\000e\000\040\000D\000o\000c\000u\000m\000e\000n\000t\000a\000t\000i\000o\000n}{}% 231
\BOOKMARK [1][-]{section.6.1}{\376\377\0006\000.\0001\000\040\000i\000n\000c\000l\000u\000d\000e\000/\000v\000a\000l\000l\000y\000/\000c\000o\000n\000f\000i\000g\000.\000h\000\040\000F\000i\000l\000e\000\040\000R\000e\000f\000e\000r\000e\000n\000c\000e}{chapter.6}% 232
\BOOKMARK [2][-]{subsection.6.1.1}{\376\377\0006\000.\0001\000.\0001\000\040\000D\000e\000t\000a\000i\000l\000e\000d\000\040\000D\000e\000s\000c\000r\000i\000p\000t\000i\000o\000n}{section.6.1}% 233
\BOOKMARK [2][-]{subsection.6.1.2}{\376\377\0006\000.\0001\000.\0002\000\040\000M\000a\000c\000r\000o\000\040\000D\000e\000f\000i\000n\000i\000t\000i\000o\000n\000\040\000D\000o\000c\000u\000m\000e\000n\000t\000a\000t\000i\000o\000n}{section.6.1}% 234
\BOOKMARK [3][-]{subsubsection.6.1.2.1}{\376\377\0006\000.\0001\000.\0002\000.\0001\000\040\000B\000I\000T\000\137\000M\000A\000S\000K}{subsection.6.1.2}% 235
\BOOKMARK [3][-]{subsubsection.6.1.2.2}{\376\377\0006\000.\0001\000.\0002\000.\0002\000\040\000F\000A\000L\000S\000E}{subsection.6.1.2}% 236
\BOOKMARK [3][-]{subsubsection.6.1.2.3}{\376\377\0006\000.\0001\000.\0002\000.\0003\000\040\000M\000A\000X}{subsection.6.1.2}% 237
\BOOKMARK [3][-]{subsubsection.6.1.2.4}{\376\377\0006\000.\0001\000.\0002\000.\0004\000\040\000M\000I\000N}{subsection.6.1.2}% 238
\BOOKMARK [3][-]{subsubsection.6.1.2.5}{\376\377\0006\000.\0001\000.\0002\000.\0005\000\040\000N\000U\000L\000L}{subsection.6.1.2}% 239
\BOOKMARK [3][-]{subsubsection.6.1.2.6}{\376\377\0006\000.\0001\000.\0002\000.\0006\000\040\000T\000R\000U\000E}{subsection.6.1.2}% 240
\BOOKMARK [3][-]{subsubsection.6.1.2.7}{\376\377\0006\000.\0001\000.\0002\000.\0007\000\040\000V\000A\000L\000L\000Y\000\137\000A\000P\000I}{subsection.6.1.2}% 241
\BOOKMARK [2][-]{subsection.6.1.3}{\376\377\0006\000.\0001\000.\0003\000\040\000T\000y\000p\000e\000d\000e\000f\000\040\000D\000o\000c\000u\000m\000e\000n\000t\000a\000t\000i\000o\000n}{section.6.1}% 242
\BOOKMARK [3][-]{subsubsection.6.1.3.1}{\376\377\0006\000.\0001\000.\0003\000.\0001\000\040\000b\0003\0002}{subsection.6.1.3}% 243
\BOOKMARK [3][-]{subsubsection.6.1.3.2}{\376\377\0006\000.\0001\000.\0003\000.\0002\000\040\000b\0008}{subsection.6.1.3}% 244
\BOOKMARK [3][-]{subsubsection.6.1.3.3}{\376\377\0006\000.\0001\000.\0003\000.\0003\000\040\000f\0003\0002}{subsection.6.1.3}% 245
\BOOKMARK [3][-]{subsubsection.6.1.3.4}{\376\377\0006\000.\0001\000.\0003\000.\0004\000\040\000f\0006\0004}{subsection.6.1.3}% 246
\BOOKMARK [3][-]{subsubsection.6.1.3.5}{\376\377\0006\000.\0001\000.\0003\000.\0005\000\040\000i\0001\0006}{subsection.6.1.3}% 247
\BOOKMARK [3][-]{subsubsection.6.1.3.6}{\376\377\0006\000.\0001\000.\0003\000.\0006\000\040\000i\0003\0002}{subsection.6.1.3}% 248
\BOOKMARK [3][-]{subsubsection.6.1.3.7}{\376\377\0006\000.\0001\000.\0003\000.\0007\000\040\000i\0006\0004}{subsection.6.1.3}% 249
\BOOKMARK [3][-]{subsubsection.6.1.3.8}{\376\377\0006\000.\0001\000.\0003\000.\0008\000\040\000i\0008}{subsection.6.1.3}% 250
\BOOKMARK [3][-]{subsubsection.6.1.3.9}{\376\377\0006\000.\0001\000.\0003\000.\0009\000\040\000u\0001\0006}{subsection.6.1.3}% 251
\BOOKMARK [3][-]{subsubsection.6.1.3.10}{\376\377\0006\000.\0001\000.\0003\000.\0001\0000\000\040\000u\0003\0002}{subsection.6.1.3}% 252
\BOOKMARK [3][-]{subsubsection.6.1.3.11}{\376\377\0006\000.\0001\000.\0003\000.\0001\0001\000\040\000u\0006\0004}{subsection.6.1.3}% 253
\BOOKMARK [3][-]{subsubsection.6.1.3.12}{\376\377\0006\000.\0001\000.\0003\000.\0001\0002\000\040\000u\0008}{subsection.6.1.3}% 254
\BOOKMARK [1][-]{section.6.2}{\376\377\0006\000.\0002\000\040\000c\000o\000n\000f\000i\000g\000.\000h}{chapter.6}% 255
\BOOKMARK [1][-]{section.6.3}{\376\377\0006\000.\0003\000\040\000i\000n\000c\000l\000u\000d\000e\000/\000v\000a\000l\000l\000y\000/\000c\000o\000r\000e\000/\000e\000n\000g\000i\000n\000e\000.\000h\000\040\000F\000i\000l\000e\000\040\000R\000e\000f\000e\000r\000e\000n\000c\000e}{chapter.6}% 256
\BOOKMARK [2][-]{subsection.6.3.1}{\376\377\0006\000.\0003\000.\0001\000\040\000T\000y\000p\000e\000d\000e\000f\000\040\000D\000o\000c\000u\000m\000e\000n\000t\000a\000t\000i\000o\000n}{section.6.3}% 257
\BOOKMARK [3][-]{subsubsection.6.3.1.1}{\376\377\0006\000.\0003\000.\0001\000.\0001\000\040\000e\000n\000g\000i\000n\000e\000\137\000r\000e\000n\000d\000e\000r}{subsection.6.3.1}% 258
\BOOKMARK [3][-]{subsubsection.6.3.1.2}{\376\377\0006\000.\0003\000.\0001\000.\0002\000\040\000e\000n\000g\000i\000n\000e\000\137\000s\000t\000a\000r\000t}{subsection.6.3.1}% 259
\BOOKMARK [3][-]{subsubsection.6.3.1.3}{\376\377\0006\000.\0003\000.\0001\000.\0003\000\040\000e\000n\000g\000i\000n\000e\000\137\000u\000p\000d\000a\000t\000e}{subsection.6.3.1}% 260
\BOOKMARK [2][-]{subsection.6.3.2}{\376\377\0006\000.\0003\000.\0002\000\040\000F\000u\000n\000c\000t\000i\000o\000n\000\040\000D\000o\000c\000u\000m\000e\000n\000t\000a\000t\000i\000o\000n}{section.6.3}% 261
\BOOKMARK [3][-]{subsubsection.6.3.2.1}{\376\377\0006\000.\0003\000.\0002\000.\0001\000\040\000e\000n\000g\000i\000n\000e\000\137\000c\000r\000e\000a\000t\000e\000\050\000\051}{subsection.6.3.2}% 262
\BOOKMARK [3][-]{subsubsection.6.3.2.2}{\376\377\0006\000.\0003\000.\0002\000.\0002\000\040\000e\000n\000g\000i\000n\000e\000\137\000r\000u\000n\000\050\000\051}{subsection.6.3.2}% 263
\BOOKMARK [1][-]{section.6.4}{\376\377\0006\000.\0004\000\040\000e\000n\000g\000i\000n\000e\000.\000h}{chapter.6}% 264
\BOOKMARK [1][-]{section.6.5}{\376\377\0006\000.\0005\000\040\000i\000n\000c\000l\000u\000d\000e\000/\000v\000a\000l\000l\000y\000/\000c\000o\000r\000e\000/\000e\000v\000e\000n\000t\000.\000h\000\040\000F\000i\000l\000e\000\040\000R\000e\000f\000e\000r\000e\000n\000c\000e}{chapter.6}% 265
\BOOKMARK [2][-]{subsection.6.5.1}{\376\377\0006\000.\0005\000.\0001\000\040\000T\000y\000p\000e\000d\000e\000f\000\040\000D\000o\000c\000u\000m\000e\000n\000t\000a\000t\000i\000o\000n}{section.6.5}% 266
\BOOKMARK [3][-]{subsubsection.6.5.1.1}{\376\377\0006\000.\0005\000.\0001\000.\0001\000\040\000o\000n\000\137\000e\000v\000e\000n\000t\000\137\000f\000u\000n}{subsection.6.5.1}% 267
\BOOKMARK [2][-]{subsection.6.5.2}{\376\377\0006\000.\0005\000.\0002\000\040\000E\000n\000u\000m\000e\000r\000a\000t\000i\000o\000n\000\040\000T\000y\000p\000e\000\040\000D\000o\000c\000u\000m\000e\000n\000t\000a\000t\000i\000o\000n}{section.6.5}% 268
\BOOKMARK [3][-]{subsubsection.6.5.2.1}{\376\377\0006\000.\0005\000.\0002\000.\0001\000\040\000e\000n\000g\000i\000n\000e\000\137\000e\000v\000e\000n\000t\000\137\000c\000o\000d\000e}{subsection.6.5.2}% 269
\BOOKMARK [2][-]{subsection.6.5.3}{\376\377\0006\000.\0005\000.\0003\000\040\000F\000u\000n\000c\000t\000i\000o\000n\000\040\000D\000o\000c\000u\000m\000e\000n\000t\000a\000t\000i\000o\000n}{section.6.5}% 270
\BOOKMARK [3][-]{subsubsection.6.5.3.1}{\376\377\0006\000.\0005\000.\0003\000.\0001\000\040\000e\000v\000e\000n\000t\000\137\000i\000n\000i\000t\000\050\000\051}{subsection.6.5.3}% 271
\BOOKMARK [3][-]{subsubsection.6.5.3.2}{\376\377\0006\000.\0005\000.\0003\000.\0002\000\040\000e\000v\000e\000n\000t\000\137\000p\000u\000b\000l\000i\000s\000h\000\050\000\051}{subsection.6.5.3}% 272
\BOOKMARK [3][-]{subsubsection.6.5.3.3}{\376\377\0006\000.\0005\000.\0003\000.\0003\000\040\000e\000v\000e\000n\000t\000\137\000s\000u\000b\000s\000c\000r\000i\000b\000e\000\050\000\051}{subsection.6.5.3}% 273
\BOOKMARK [3][-]{subsubsection.6.5.3.4}{\376\377\0006\000.\0005\000.\0003\000.\0004\000\040\000e\000v\000e\000n\000t\000\137\000t\000e\000r\000m\000i\000n\000a\000t\000e\000\050\000\051}{subsection.6.5.3}% 274
\BOOKMARK [3][-]{subsubsection.6.5.3.5}{\376\377\0006\000.\0005\000.\0003\000.\0005\000\040\000e\000v\000e\000n\000t\000\137\000u\000n\000s\000u\000b\000s\000c\000r\000i\000b\000e\000\050\000\051}{subsection.6.5.3}% 275
\BOOKMARK [1][-]{section.6.6}{\376\377\0006\000.\0006\000\040\000e\000v\000e\000n\000t\000.\000h}{chapter.6}% 276
\BOOKMARK [1][-]{section.6.7}{\376\377\0006\000.\0007\000\040\000i\000n\000c\000l\000u\000d\000e\000/\000v\000a\000l\000l\000y\000/\000c\000o\000r\000e\000/\000i\000n\000p\000u\000t\000.\000h\000\040\000F\000i\000l\000e\000\040\000R\000e\000f\000e\000r\000e\000n\000c\000e}{chapter.6}% 277
\BOOKMARK [2][-]{subsection.6.7.1}{\376\377\0006\000.\0007\000.\0001\000\040\000F\000u\000n\000c\000t\000i\000o\000n\000\040\000D\000o\000c\000u\000m\000e\000n\000t\000a\000t\000i\000o\000n}{section.6.7}% 278
\BOOKMARK [3][-]{subsubsection.6.7.1.1}{\376\377\0006\000.\0007\000.\0001\000.\0001\000\040\000i\000n\000p\000u\000t\000\137\000i\000n\000i\000t\000\050\000\051}{subsection.6.7.1}% 279
\BOOKMARK [3][-]{subsubsection.6.7.1.2}{\376\377\0006\000.\0007\000.\0001\000.\0002\000\040\000i\000n\000p\000u\000t\000\137\000k\000e\000y\000\137\000p\000r\000e\000s\000s\000e\000d\000\050\000\051}{subsection.6.7.1}% 280
\BOOKMARK [3][-]{subsubsection.6.7.1.3}{\376\377\0006\000.\0007\000.\0001\000.\0003\000\040\000i\000n\000p\000u\000t\000\137\000k\000e\000y\000\137\000r\000e\000l\000e\000a\000s\000e\000d\000\050\000\051}{subsection.6.7.1}% 281
\BOOKMARK [3][-]{subsubsection.6.7.1.4}{\376\377\0006\000.\0007\000.\0001\000.\0004\000\040\000i\000n\000p\000u\000t\000\137\000m\000o\000u\000s\000e\000\137\000b\000u\000t\000t\000o\000n\000\137\000p\000r\000e\000s\000s\000e\000d\000\050\000\051}{subsection.6.7.1}% 282
\BOOKMARK [3][-]{subsubsection.6.7.1.5}{\376\377\0006\000.\0007\000.\0001\000.\0005\000\040\000i\000n\000p\000u\000t\000\137\000m\000o\000u\000s\000e\000\137\000b\000u\000t\000t\000o\000n\000\137\000r\000e\000l\000e\000a\000s\000e\000d\000\050\000\051}{subsection.6.7.1}% 283
\BOOKMARK [3][-]{subsubsection.6.7.1.6}{\376\377\0006\000.\0007\000.\0001\000.\0006\000\040\000i\000n\000p\000u\000t\000\137\000m\000o\000u\000s\000e\000\137\000p\000o\000s\000i\000t\000i\000o\000n\000\050\000\051}{subsection.6.7.1}% 284
\BOOKMARK [3][-]{subsubsection.6.7.1.7}{\376\377\0006\000.\0007\000.\0001\000.\0007\000\040\000i\000n\000p\000u\000t\000\137\000m\000o\000u\000s\000e\000\137\000p\000r\000e\000v\000\137\000p\000o\000s\000i\000t\000i\000o\000n\000\050\000\051}{subsection.6.7.1}% 285
\BOOKMARK [3][-]{subsubsection.6.7.1.8}{\376\377\0006\000.\0007\000.\0001\000.\0008\000\040\000i\000n\000p\000u\000t\000\137\000t\000e\000r\000m\000i\000n\000a\000t\000e\000\050\000\051}{subsection.6.7.1}% 286
\BOOKMARK [1][-]{section.6.8}{\376\377\0006\000.\0008\000\040\000i\000n\000p\000u\000t\000.\000h}{chapter.6}% 287
\BOOKMARK [1][-]{section.6.9}{\376\377\0006\000.\0009\000\040\000i\000n\000c\000l\000u\000d\000e\000/\000v\000a\000l\000l\000y\000/\000e\000c\000s\000/\000c\000o\000m\000p\000o\000n\000e\000n\000t\000s\000/\000a\000n\000i\000m\000a\000t\000o\000r\000.\000h\000\040\000F\000i\000l\000e\000\040\000R\000e\000f\000e\000r\000e\000n\000c\000e}{chapter.6}% 288
\BOOKMARK [2][-]{subsection.6.9.1}{\376\377\0006\000.\0009\000.\0001\000\040\000F\000u\000n\000c\000t\000i\000o\000n\000\040\000D\000o\000c\000u\000m\000e\000n\000t\000a\000t\000i\000o\000n}{section.6.9}% 289
\BOOKMARK [3][-]{subsubsection.6.9.1.1}{\376\377\0006\000.\0009\000.\0001\000.\0001\000\040\000a\000n\000i\000m\000a\000t\000i\000o\000n\000\137\000c\000r\000e\000a\000t\000e\000\050\000\051}{subsection.6.9.1}% 290
\BOOKMARK [3][-]{subsubsection.6.9.1.2}{\376\377\0006\000.\0009\000.\0001\000.\0002\000\040\000e\000c\000s\000\137\000a\000n\000i\000m\000a\000t\000o\000r\000\137\000a\000d\000d\000\050\000\051}{subsection.6.9.1}% 291
\BOOKMARK [3][-]{subsubsection.6.9.1.3}{\376\377\0006\000.\0009\000.\0001\000.\0003\000\040\000e\000c\000s\000\137\000a\000n\000i\000m\000a\000t\000o\000r\000\137\000p\000l\000a\000y\000\050\000\051}{subsection.6.9.1}% 292
\BOOKMARK [3][-]{subsubsection.6.9.1.4}{\376\377\0006\000.\0009\000.\0001\000.\0004\000\040\000e\000c\000s\000\137\000a\000n\000i\000m\000a\000t\000o\000r\000\137\000s\000t\000o\000p\000\050\000\051}{subsection.6.9.1}% 293
\BOOKMARK [3][-]{subsubsection.6.9.1.5}{\376\377\0006\000.\0009\000.\0001\000.\0005\000\040\000e\000c\000s\000\137\000a\000n\000i\000m\000a\000t\000o\000r\000\137\000u\000p\000d\000a\000t\000e\000\050\000\051}{subsection.6.9.1}% 294
\BOOKMARK [1][-]{section.6.10}{\376\377\0006\000.\0001\0000\000\040\000a\000n\000i\000m\000a\000t\000o\000r\000.\000h}{chapter.6}% 295
\BOOKMARK [1][-]{section.6.11}{\376\377\0006\000.\0001\0001\000\040\000i\000n\000c\000l\000u\000d\000e\000/\000v\000a\000l\000l\000y\000/\000e\000c\000s\000/\000c\000o\000m\000p\000o\000n\000e\000n\000t\000s\000/\000s\000p\000r\000i\000t\000e\000r\000e\000n\000d\000e\000r\000e\000r\000.\000h\000\040\000F\000i\000l\000e\000\040\000R\000e\000f\000e\000r\000e\000n\000c\000e}{chapter.6}% 296
\BOOKMARK [2][-]{subsection.6.11.1}{\376\377\0006\000.\0001\0001\000.\0001\000\040\000F\000u\000n\000c\000t\000i\000o\000n\000\040\000D\000o\000c\000u\000m\000e\000n\000t\000a\000t\000i\000o\000n}{section.6.11}% 297
\BOOKMARK [3][-]{subsubsection.6.11.1.1}{\376\377\0006\000.\0001\0001\000.\0001\000.\0001\000\040\000e\000c\000s\000\137\000s\000p\000r\000i\000t\000e\000r\000e\000n\000d\000e\000r\000e\000r\000\137\000a\000d\000d\000\050\000\051}{subsection.6.11.1}% 298
\BOOKMARK [3][-]{subsubsection.6.11.1.2}{\376\377\0006\000.\0001\0001\000.\0001\000.\0002\000\040\000e\000c\000s\000\137\000s\000p\000r\000i\000t\000e\000r\000e\000n\000d\000e\000r\000e\000r\000\137\000a\000d\000d\000\137\000f\000r\000o\000m\000\137\000a\000t\000l\000a\000s\000\050\000\051}{subsection.6.11.1}% 299
\BOOKMARK [3][-]{subsubsection.6.11.1.3}{\376\377\0006\000.\0001\0001\000.\0001\000.\0003\000\040\000e\000c\000s\000\137\000s\000p\000r\000i\000t\000e\000r\000e\000n\000d\000e\000r\000e\000r\000\137\000a\000t\000l\000a\000s\000\137\000s\000e\000l\000e\000c\000t\000\050\000\051}{subsection.6.11.1}% 300
\BOOKMARK [3][-]{subsubsection.6.11.1.4}{\376\377\0006\000.\0001\0001\000.\0001\000.\0004\000\040\000e\000c\000s\000\137\000s\000p\000r\000i\000t\000e\000r\000e\000n\000d\000e\000r\000e\000r\000\137\000g\000e\000t\000\050\000\051}{subsection.6.11.1}% 301
\BOOKMARK [3][-]{subsubsection.6.11.1.5}{\376\377\0006\000.\0001\0001\000.\0001\000.\0005\000\040\000e\000c\000s\000\137\000s\000p\000r\000i\000t\000e\000r\000e\000n\000d\000e\000r\000e\000r\000\137\000u\000p\000d\000a\000t\000e\000\050\000\051}{subsection.6.11.1}% 302
\BOOKMARK [1][-]{section.6.12}{\376\377\0006\000.\0001\0002\000\040\000s\000p\000r\000i\000t\000e\000r\000e\000n\000d\000e\000r\000e\000r\000.\000h}{chapter.6}% 303
\BOOKMARK [1][-]{section.6.13}{\376\377\0006\000.\0001\0003\000\040\000i\000n\000c\000l\000u\000d\000e\000/\000v\000a\000l\000l\000y\000/\000e\000c\000s\000/\000c\000o\000m\000p\000o\000n\000e\000n\000t\000s\000/\000t\000r\000a\000n\000s\000f\000o\000r\000m\000.\000h\000\040\000F\000i\000l\000e\000\040\000R\000e\000f\000e\000r\000e\000n\000c\000e}{chapter.6}% 304
\BOOKMARK [2][-]{subsection.6.13.1}{\376\377\0006\000.\0001\0003\000.\0001\000\040\000F\000u\000n\000c\000t\000i\000o\000n\000\040\000D\000o\000c\000u\000m\000e\000n\000t\000a\000t\000i\000o\000n}{section.6.13}% 305
\BOOKMARK [3][-]{subsubsection.6.13.1.1}{\376\377\0006\000.\0001\0003\000.\0001\000.\0001\000\040\000e\000c\000s\000\137\000t\000r\000a\000n\000s\000f\000o\000r\000m\000\137\000a\000d\000d\000\050\000\051}{subsection.6.13.1}% 306
\BOOKMARK [3][-]{subsubsection.6.13.1.2}{\376\377\0006\000.\0001\0003\000.\0001\000.\0002\000\040\000e\000c\000s\000\137\000t\000r\000a\000n\000s\000f\000o\000r\000m\000\137\000g\000e\000t\000\050\000\051}{subsection.6.13.1}% 307
\BOOKMARK [1][-]{section.6.14}{\376\377\0006\000.\0001\0004\000\040\000t\000r\000a\000n\000s\000f\000o\000r\000m\000.\000h}{chapter.6}% 308
\BOOKMARK [1][-]{section.6.15}{\376\377\0006\000.\0001\0005\000\040\000i\000n\000c\000l\000u\000d\000e\000/\000v\000a\000l\000l\000y\000/\000e\000c\000s\000/\000e\000c\000s\000.\000h\000\040\000F\000i\000l\000e\000\040\000R\000e\000f\000e\000r\000e\000n\000c\000e}{chapter.6}% 309
\BOOKMARK [2][-]{subsection.6.15.1}{\376\377\0006\000.\0001\0005\000.\0001\000\040\000M\000a\000c\000r\000o\000\040\000D\000e\000f\000i\000n\000i\000t\000i\000o\000n\000\040\000D\000o\000c\000u\000m\000e\000n\000t\000a\000t\000i\000o\000n}{section.6.15}% 310
\BOOKMARK [3][-]{subsubsection.6.15.1.1}{\376\377\0006\000.\0001\0005\000.\0001\000.\0001\000\040\000e\000c\000s\000\137\000i\000s\000\137\000a\000l\000i\000v\000e}{subsection.6.15.1}% 311
\BOOKMARK [3][-]{subsubsection.6.15.1.2}{\376\377\0006\000.\0001\0005\000.\0001\000.\0002\000\040\000E\000C\000S\000\137\000M\000A\000X\000\137\000C\000O\000M\000P\000O\000N\000E\000N\000T\000S}{subsection.6.15.1}% 312
\BOOKMARK [3][-]{subsubsection.6.15.1.3}{\376\377\0006\000.\0001\0005\000.\0001\000.\0003\000\040\000E\000C\000S\000\137\000M\000A\000X\000\137\000E\000N\000T\000I\000T\000I\000E\000S}{subsection.6.15.1}% 313
\BOOKMARK [3][-]{subsubsection.6.15.1.4}{\376\377\0006\000.\0001\0005\000.\0001\000.\0004\000\040\000E\000C\000S\000\137\000N\000U\000L\000L\000\137\000E\000N\000T\000I\000T\000Y}{subsection.6.15.1}% 314
\BOOKMARK [2][-]{subsection.6.15.2}{\376\377\0006\000.\0001\0005\000.\0002\000\040\000F\000u\000n\000c\000t\000i\000o\000n\000\040\000D\000o\000c\000u\000m\000e\000n\000t\000a\000t\000i\000o\000n}{section.6.15}% 315
\BOOKMARK [3][-]{subsubsection.6.15.2.1}{\376\377\0006\000.\0001\0005\000.\0002\000.\0001\000\040\000e\000c\000s\000\137\000c\000o\000m\000p\000o\000n\000e\000n\000t\000\137\000a\000d\000d\000\050\000\051}{subsection.6.15.2}% 316
\BOOKMARK [3][-]{subsubsection.6.15.2.2}{\376\377\0006\000.\0001\0005\000.\0002\000.\0002\000\040\000e\000c\000s\000\137\000c\000o\000m\000p\000o\000n\000e\000n\000t\000\137\000h\000a\000s\000\050\000\051}{subsection.6.15.2}% 317
\BOOKMARK [3][-]{subsubsection.6.15.2.3}{\376\377\0006\000.\0001\0005\000.\0002\000.\0003\000\040\000e\000c\000s\000\137\000c\000o\000m\000p\000o\000n\000e\000n\000t\000\137\000r\000e\000m\000o\000v\000e\000\050\000\051}{subsection.6.15.2}% 318
\BOOKMARK [3][-]{subsubsection.6.15.2.4}{\376\377\0006\000.\0001\0005\000.\0002\000.\0004\000\040\000e\000c\000s\000\137\000e\000n\000t\000i\000t\000y\000\137\000c\000r\000e\000a\000t\000e\000\050\000\051}{subsection.6.15.2}% 319
\BOOKMARK [3][-]{subsubsection.6.15.2.5}{\376\377\0006\000.\0001\0005\000.\0002\000.\0005\000\040\000e\000c\000s\000\137\000g\000e\000t\000\137\000l\000a\000s\000t\000\050\000\051}{subsection.6.15.2}% 320
\BOOKMARK [3][-]{subsubsection.6.15.2.6}{\376\377\0006\000.\0001\0005\000.\0002\000.\0006\000\040\000e\000c\000s\000\137\000i\000n\000i\000t\000\050\000\051}{subsection.6.15.2}% 321
\BOOKMARK [1][-]{section.6.16}{\376\377\0006\000.\0001\0006\000\040\000e\000c\000s\000.\000h}{chapter.6}% 322
\BOOKMARK [1][-]{section.6.17}{\376\377\0006\000.\0001\0007\000\040\000i\000n\000c\000l\000u\000d\000e\000/\000v\000a\000l\000l\000y\000/\000e\000c\000s\000/\000e\000c\000s\000\137\000t\000y\000p\000e\000s\000.\000h\000\040\000F\000i\000l\000e\000\040\000R\000e\000f\000e\000r\000e\000n\000c\000e}{chapter.6}% 323
\BOOKMARK [2][-]{subsection.6.17.1}{\376\377\0006\000.\0001\0007\000.\0001\000\040\000T\000y\000p\000e\000d\000e\000f\000\040\000D\000o\000c\000u\000m\000e\000n\000t\000a\000t\000i\000o\000n}{section.6.17}% 324
\BOOKMARK [3][-]{subsubsection.6.17.1.1}{\376\377\0006\000.\0001\0007\000.\0001\000.\0001\000\040\000e\000n\000t\000i\000t\000y}{subsection.6.17.1}% 325
\BOOKMARK [2][-]{subsection.6.17.2}{\376\377\0006\000.\0001\0007\000.\0002\000\040\000E\000n\000u\000m\000e\000r\000a\000t\000i\000o\000n\000\040\000T\000y\000p\000e\000\040\000D\000o\000c\000u\000m\000e\000n\000t\000a\000t\000i\000o\000n}{section.6.17}% 326
\BOOKMARK [3][-]{subsubsection.6.17.2.1}{\376\377\0006\000.\0001\0007\000.\0002\000.\0001\000\040\000c\000o\000m\000p\000o\000n\000e\000n\000t\000\137\000m\000a\000s\000k}{subsection.6.17.2}% 327
\BOOKMARK [1][-]{section.6.18}{\376\377\0006\000.\0001\0008\000\040\000e\000c\000s\000\137\000t\000y\000p\000e\000s\000.\000h}{chapter.6}% 328
\BOOKMARK [1][-]{section.6.19}{\376\377\0006\000.\0001\0009\000\040\000i\000n\000c\000l\000u\000d\000e\000/\000v\000a\000l\000l\000y\000/\000m\000a\000t\000h\000/\000m\000a\000t\000h\000.\000h\000\040\000F\000i\000l\000e\000\040\000R\000e\000f\000e\000r\000e\000n\000c\000e}{chapter.6}% 329
\BOOKMARK [2][-]{subsection.6.19.1}{\376\377\0006\000.\0001\0009\000.\0001\000\040\000M\000a\000c\000r\000o\000\040\000D\000e\000f\000i\000n\000i\000t\000i\000o\000n\000\040\000D\000o\000c\000u\000m\000e\000n\000t\000a\000t\000i\000o\000n}{section.6.19}% 330
\BOOKMARK [3][-]{subsubsection.6.19.1.1}{\376\377\0006\000.\0001\0009\000.\0001\000.\0001\000\040\000L\000E\000R\000P}{subsection.6.19.1}% 331
\BOOKMARK [3][-]{subsubsection.6.19.1.2}{\376\377\0006\000.\0001\0009\000.\0001\000.\0002\000\040\000V\000\137\0002\000P\000I}{subsection.6.19.1}% 332
\BOOKMARK [3][-]{subsubsection.6.19.1.3}{\376\377\0006\000.\0001\0009\000.\0001\000.\0003\000\040\000V\000\137\000P\000I}{subsection.6.19.1}% 333
\BOOKMARK [3][-]{subsubsection.6.19.1.4}{\376\377\0006\000.\0001\0009\000.\0001\000.\0004\000\040\000V\000\137\000P\000I\000\137\0002}{subsection.6.19.1}% 334
\BOOKMARK [3][-]{subsubsection.6.19.1.5}{\376\377\0006\000.\0001\0009\000.\0001\000.\0005\000\040\000V\000\137\000P\000I\000\137\0003}{subsection.6.19.1}% 335
\BOOKMARK [3][-]{subsubsection.6.19.1.6}{\376\377\0006\000.\0001\0009\000.\0001\000.\0006\000\040\000V\000\137\000P\000I\000\137\0004}{subsection.6.19.1}% 336
\BOOKMARK [3][-]{subsubsection.6.19.1.7}{\376\377\0006\000.\0001\0009\000.\0001\000.\0007\000\040\000V\000\137\000S\000Q\000R\000T\0002}{subsection.6.19.1}% 337
\BOOKMARK [3][-]{subsubsection.6.19.1.8}{\376\377\0006\000.\0001\0009\000.\0001\000.\0008\000\040\000v\000e\000c\000t\000o\000r\0002\000f\000\137\000c\000r\000e\000a\000t\000e}{subsection.6.19.1}% 338
\BOOKMARK [3][-]{subsubsection.6.19.1.9}{\376\377\0006\000.\0001\0009\000.\0001\000.\0009\000\040\000v\000e\000c\000t\000o\000r\0002\000f\000\137\000d\000o\000w\000n}{subsection.6.19.1}% 339
\BOOKMARK [3][-]{subsubsection.6.19.1.10}{\376\377\0006\000.\0001\0009\000.\0001\000.\0001\0000\000\040\000v\000e\000c\000t\000o\000r\0002\000f\000\137\000l\000e\000f\000t}{subsection.6.19.1}% 340
\BOOKMARK [3][-]{subsubsection.6.19.1.11}{\376\377\0006\000.\0001\0009\000.\0001\000.\0001\0001\000\040\000v\000e\000c\000t\000o\000r\0002\000f\000\137\000o\000n\000e}{subsection.6.19.1}% 341
\BOOKMARK [3][-]{subsubsection.6.19.1.12}{\376\377\0006\000.\0001\0009\000.\0001\000.\0001\0002\000\040\000v\000e\000c\000t\000o\000r\0002\000f\000\137\000r\000i\000g\000h\000t}{subsection.6.19.1}% 342
\BOOKMARK [3][-]{subsubsection.6.19.1.13}{\376\377\0006\000.\0001\0009\000.\0001\000.\0001\0003\000\040\000v\000e\000c\000t\000o\000r\0002\000f\000\137\000u\000p}{subsection.6.19.1}% 343
\BOOKMARK [3][-]{subsubsection.6.19.1.14}{\376\377\0006\000.\0001\0009\000.\0001\000.\0001\0004\000\040\000v\000e\000c\000t\000o\000r\0002\000f\000\137\000z\000e\000r\000o}{subsection.6.19.1}% 344
\BOOKMARK [3][-]{subsubsection.6.19.1.15}{\376\377\0006\000.\0001\0009\000.\0001\000.\0001\0005\000\040\000v\000e\000c\000t\000o\000r\0002\000i\000\137\000c\000r\000e\000a\000t\000e}{subsection.6.19.1}% 345
\BOOKMARK [3][-]{subsubsection.6.19.1.16}{\376\377\0006\000.\0001\0009\000.\0001\000.\0001\0006\000\040\000v\000e\000c\000t\000o\000r\0003\000f\000\137\000c\000r\000e\000a\000t\000e}{subsection.6.19.1}% 346
\BOOKMARK [3][-]{subsubsection.6.19.1.17}{\376\377\0006\000.\0001\0009\000.\0001\000.\0001\0007\000\040\000v\000e\000c\000t\000o\000r\0003\000i\000\137\000c\000r\000e\000a\000t\000e}{subsection.6.19.1}% 347
\BOOKMARK [2][-]{subsection.6.19.2}{\376\377\0006\000.\0001\0009\000.\0002\000\040\000F\000u\000n\000c\000t\000i\000o\000n\000\040\000D\000o\000c\000u\000m\000e\000n\000t\000a\000t\000i\000o\000n}{section.6.19}% 348
\BOOKMARK [3][-]{subsubsection.6.19.2.1}{\376\377\0006\000.\0001\0009\000.\0002\000.\0001\000\040\000v\000a\000b\000s\000\050\000\051}{subsection.6.19.2}% 349
\BOOKMARK [3][-]{subsubsection.6.19.2.2}{\376\377\0006\000.\0001\0009\000.\0002\000.\0002\000\040\000v\000a\000c\000o\000s\000\050\000\051}{subsection.6.19.2}% 350
\BOOKMARK [3][-]{subsubsection.6.19.2.3}{\376\377\0006\000.\0001\0009\000.\0002\000.\0003\000\040\000v\000a\000s\000i\000n\000\050\000\051}{subsection.6.19.2}% 351
\BOOKMARK [3][-]{subsubsection.6.19.2.4}{\376\377\0006\000.\0001\0009\000.\0002\000.\0004\000\040\000v\000a\000t\000a\000n\000\050\000\051}{subsection.6.19.2}% 352
\BOOKMARK [3][-]{subsubsection.6.19.2.5}{\376\377\0006\000.\0001\0009\000.\0002\000.\0005\000\040\000v\000c\000o\000s\000\050\000\051}{subsection.6.19.2}% 353
\BOOKMARK [3][-]{subsubsection.6.19.2.6}{\376\377\0006\000.\0001\0009\000.\0002\000.\0006\000\040\000v\000e\000c\000t\000o\000r\0002\000f\000\137\000a\000d\000d\000\050\000\051}{subsection.6.19.2}% 354
\BOOKMARK [3][-]{subsubsection.6.19.2.7}{\376\377\0006\000.\0001\0009\000.\0002\000.\0007\000\040\000v\000e\000c\000t\000o\000r\0002\000f\000\137\000d\000i\000s\000t\000a\000n\000c\000e\000\050\000\051}{subsection.6.19.2}% 355
\BOOKMARK [3][-]{subsubsection.6.19.2.8}{\376\377\0006\000.\0001\0009\000.\0002\000.\0008\000\040\000v\000e\000c\000t\000o\000r\0002\000f\000\137\000d\000i\000v\000\050\000\051}{subsection.6.19.2}% 356
\BOOKMARK [3][-]{subsubsection.6.19.2.9}{\376\377\0006\000.\0001\0009\000.\0002\000.\0009\000\040\000v\000e\000c\000t\000o\000r\0002\000f\000\137\000d\000i\000v\000s\000\050\000\051}{subsection.6.19.2}% 357
\BOOKMARK [3][-]{subsubsection.6.19.2.10}{\376\377\0006\000.\0001\0009\000.\0002\000.\0001\0000\000\040\000v\000e\000c\000t\000o\000r\0002\000f\000\137\000l\000e\000n\000g\000t\000h\000\050\000\051}{subsection.6.19.2}% 358
\BOOKMARK [3][-]{subsubsection.6.19.2.11}{\376\377\0006\000.\0001\0009\000.\0002\000.\0001\0001\000\040\000v\000e\000c\000t\000o\000r\0002\000f\000\137\000m\000u\000l\000\050\000\051}{subsection.6.19.2}% 359
\BOOKMARK [3][-]{subsubsection.6.19.2.12}{\376\377\0006\000.\0001\0009\000.\0002\000.\0001\0002\000\040\000v\000e\000c\000t\000o\000r\0002\000f\000\137\000m\000u\000l\000s\000\050\000\051}{subsection.6.19.2}% 360
\BOOKMARK [3][-]{subsubsection.6.19.2.13}{\376\377\0006\000.\0001\0009\000.\0002\000.\0001\0003\000\040\000v\000e\000c\000t\000o\000r\0002\000f\000\137\000n\000o\000r\000m\000a\000l\000i\000z\000e\000\050\000\051}{subsection.6.19.2}% 361
\BOOKMARK [3][-]{subsubsection.6.19.2.14}{\376\377\0006\000.\0001\0009\000.\0002\000.\0001\0004\000\040\000v\000e\000c\000t\000o\000r\0002\000f\000\137\000n\000o\000r\000m\000a\000l\000i\000z\000e\000d\000\050\000\051}{subsection.6.19.2}% 362
\BOOKMARK [3][-]{subsubsection.6.19.2.15}{\376\377\0006\000.\0001\0009\000.\0002\000.\0001\0005\000\040\000v\000e\000c\000t\000o\000r\0002\000f\000\137\000s\000u\000b\000\050\000\051}{subsection.6.19.2}% 363
\BOOKMARK [3][-]{subsubsection.6.19.2.16}{\376\377\0006\000.\0001\0009\000.\0002\000.\0001\0006\000\040\000v\000e\000c\000t\000o\000r\0002\000i\000\137\000a\000d\000d\000\050\000\051}{subsection.6.19.2}% 364
\BOOKMARK [3][-]{subsubsection.6.19.2.17}{\376\377\0006\000.\0001\0009\000.\0002\000.\0001\0007\000\040\000v\000e\000c\000t\000o\000r\0002\000i\000\137\000s\000u\000b\000\050\000\051}{subsection.6.19.2}% 365
\BOOKMARK [3][-]{subsubsection.6.19.2.18}{\376\377\0006\000.\0001\0009\000.\0002\000.\0001\0008\000\040\000v\000e\000c\000t\000o\000r\0003\000f\000\137\000a\000d\000d\000\050\000\051}{subsection.6.19.2}% 366
\BOOKMARK [3][-]{subsubsection.6.19.2.19}{\376\377\0006\000.\0001\0009\000.\0002\000.\0001\0009\000\040\000v\000e\000c\000t\000o\000r\0003\000f\000\137\000c\000r\000o\000s\000s\000\050\000\051}{subsection.6.19.2}% 367
\BOOKMARK [3][-]{subsubsection.6.19.2.20}{\376\377\0006\000.\0001\0009\000.\0002\000.\0002\0000\000\040\000v\000e\000c\000t\000o\000r\0003\000f\000\137\000d\000i\000s\000t\000a\000n\000c\000e\000\050\000\051}{subsection.6.19.2}% 368
\BOOKMARK [3][-]{subsubsection.6.19.2.21}{\376\377\0006\000.\0001\0009\000.\0002\000.\0002\0001\000\040\000v\000e\000c\000t\000o\000r\0003\000f\000\137\000d\000i\000v\000\050\000\051}{subsection.6.19.2}% 369
\BOOKMARK [3][-]{subsubsection.6.19.2.22}{\376\377\0006\000.\0001\0009\000.\0002\000.\0002\0002\000\040\000v\000e\000c\000t\000o\000r\0003\000f\000\137\000d\000i\000v\000s\000\050\000\051}{subsection.6.19.2}% 370
\BOOKMARK [3][-]{subsubsection.6.19.2.23}{\376\377\0006\000.\0001\0009\000.\0002\000.\0002\0003\000\040\000v\000e\000c\000t\000o\000r\0003\000f\000\137\000d\000o\000t\000\050\000\051}{subsection.6.19.2}% 371
\BOOKMARK [3][-]{subsubsection.6.19.2.24}{\376\377\0006\000.\0001\0009\000.\0002\000.\0002\0004\000\040\000v\000e\000c\000t\000o\000r\0003\000f\000\137\000l\000e\000n\000g\000t\000h\000\050\000\051}{subsection.6.19.2}% 372
\BOOKMARK [3][-]{subsubsection.6.19.2.25}{\376\377\0006\000.\0001\0009\000.\0002\000.\0002\0005\000\040\000v\000e\000c\000t\000o\000r\0003\000f\000\137\000m\000u\000l\000\050\000\051}{subsection.6.19.2}% 373
\BOOKMARK [3][-]{subsubsection.6.19.2.26}{\376\377\0006\000.\0001\0009\000.\0002\000.\0002\0006\000\040\000v\000e\000c\000t\000o\000r\0003\000f\000\137\000m\000u\000l\000s\000\050\000\051}{subsection.6.19.2}% 374
\BOOKMARK [3][-]{subsubsection.6.19.2.27}{\376\377\0006\000.\0001\0009\000.\0002\000.\0002\0007\000\040\000v\000e\000c\000t\000o\000r\0003\000f\000\137\000n\000o\000r\000m\000a\000l\000i\000z\000e\000\050\000\051}{subsection.6.19.2}% 375
\BOOKMARK [3][-]{subsubsection.6.19.2.28}{\376\377\0006\000.\0001\0009\000.\0002\000.\0002\0008\000\040\000v\000e\000c\000t\000o\000r\0003\000f\000\137\000n\000o\000r\000m\000a\000l\000i\000z\000e\000d\000\050\000\051}{subsection.6.19.2}% 376
\BOOKMARK [3][-]{subsubsection.6.19.2.29}{\376\377\0006\000.\0001\0009\000.\0002\000.\0002\0009\000\040\000v\000e\000c\000t\000o\000r\0003\000f\000\137\000s\000u\000b\000\050\000\051}{subsection.6.19.2}% 377
\BOOKMARK [3][-]{subsubsection.6.19.2.30}{\376\377\0006\000.\0001\0009\000.\0002\000.\0003\0000\000\040\000v\000e\000c\000t\000o\000r\0003\000i\000\137\000a\000d\000d\000\050\000\051}{subsection.6.19.2}% 378
\BOOKMARK [3][-]{subsubsection.6.19.2.31}{\376\377\0006\000.\0001\0009\000.\0002\000.\0003\0001\000\040\000v\000e\000c\000t\000o\000r\0003\000i\000\137\000s\000u\000b\000\050\000\051}{subsection.6.19.2}% 379
\BOOKMARK [3][-]{subsubsection.6.19.2.32}{\376\377\0006\000.\0001\0009\000.\0002\000.\0003\0002\000\040\000v\000s\000i\000n\000\050\000\051}{subsection.6.19.2}% 380
\BOOKMARK [3][-]{subsubsection.6.19.2.33}{\376\377\0006\000.\0001\0009\000.\0002\000.\0003\0003\000\040\000v\000s\000q\000r\000t\000\050\000\051}{subsection.6.19.2}% 381
\BOOKMARK [3][-]{subsubsection.6.19.2.34}{\376\377\0006\000.\0001\0009\000.\0002\000.\0003\0004\000\040\000v\000t\000a\000n\000\050\000\051}{subsection.6.19.2}% 382
\BOOKMARK [1][-]{section.6.20}{\376\377\0006\000.\0002\0000\000\040\000m\000a\000t\000h\000.\000h}{chapter.6}% 383
\BOOKMARK [1][-]{section.6.21}{\376\377\0006\000.\0002\0001\000\040\000i\000n\000c\000l\000u\000d\000e\000/\000v\000a\000l\000l\000y\000/\000m\000a\000t\000h\000/\000m\000a\000t\000h\000\137\000t\000y\000p\000e\000s\000.\000h\000\040\000F\000i\000l\000e\000\040\000R\000e\000f\000e\000r\000e\000n\000c\000e}{chapter.6}% 384
\BOOKMARK [1][-]{section.6.22}{\376\377\0006\000.\0002\0002\000\040\000m\000a\000t\000h\000\137\000t\000y\000p\000e\000s\000.\000h}{chapter.6}% 385
\BOOKMARK [1][-]{section.6.23}{\376\377\0006\000.\0002\0003\000\040\000i\000n\000c\000l\000u\000d\000e\000/\000v\000a\000l\000l\000y\000/\000r\000e\000n\000d\000e\000r\000e\000r\000/\000t\000e\000x\000t\000u\000r\000e\000.\000h\000\040\000F\000i\000l\000e\000\040\000R\000e\000f\000e\000r\000e\000n\000c\000e}{chapter.6}% 386
\BOOKMARK [2][-]{subsection.6.23.1}{\376\377\0006\000.\0002\0003\000.\0001\000\040\000F\000u\000n\000c\000t\000i\000o\000n\000\040\000D\000o\000c\000u\000m\000e\000n\000t\000a\000t\000i\000o\000n}{section.6.23}% 387
\BOOKMARK [3][-]{subsubsection.6.23.1.1}{\376\377\0006\000.\0002\0003\000.\0001\000.\0001\000\040\000t\000e\000x\000t\000u\000r\000e\000\137\000b\000i\000n\000d\000\050\000\051}{subsection.6.23.1}% 388
\BOOKMARK [3][-]{subsubsection.6.23.1.2}{\376\377\0006\000.\0002\0003\000.\0001\000.\0002\000\040\000t\000e\000x\000t\000u\000r\000e\000\137\000c\000r\000e\000a\000t\000e\000\050\000\051}{subsection.6.23.1}% 389
\BOOKMARK [3][-]{subsubsection.6.23.1.3}{\376\377\0006\000.\0002\0003\000.\0001\000.\0003\000\040\000t\000e\000x\000t\000u\000r\000e\000\137\000d\000e\000s\000t\000r\000o\000y\000\050\000\051}{subsection.6.23.1}% 390
\BOOKMARK [3][-]{subsubsection.6.23.1.4}{\376\377\0006\000.\0002\0003\000.\0001\000.\0004\000\040\000t\000e\000x\000t\000u\000r\000e\000\137\000u\000n\000b\000i\000n\000d\000\050\000\051}{subsection.6.23.1}% 391
\BOOKMARK [3][-]{subsubsection.6.23.1.5}{\376\377\0006\000.\0002\0003\000.\0001\000.\0005\000\040\000t\000e\000x\000t\000u\000r\000e\000\137\000w\000h\000i\000t\000e\000\137\000c\000r\000e\000a\000t\000e\000\050\000\051}{subsection.6.23.1}% 392
\BOOKMARK [1][-]{section.6.24}{\376\377\0006\000.\0002\0004\000\040\000t\000e\000x\000t\000u\000r\000e\000.\000h}{chapter.6}% 393
\BOOKMARK [1][-]{section.6.25}{\376\377\0006\000.\0002\0005\000\040\000i\000n\000c\000l\000u\000d\000e\000/\000v\000a\000l\000l\000y\000/\000r\000e\000s\000o\000u\000r\000c\000e\000s\000/\000i\000m\000a\000g\000e\000.\000h\000\040\000F\000i\000l\000e\000\040\000R\000e\000f\000e\000r\000e\000n\000c\000e}{chapter.6}% 394
\BOOKMARK [2][-]{subsection.6.25.1}{\376\377\0006\000.\0002\0005\000.\0001\000\040\000F\000u\000n\000c\000t\000i\000o\000n\000\040\000D\000o\000c\000u\000m\000e\000n\000t\000a\000t\000i\000o\000n}{section.6.25}% 395
\BOOKMARK [3][-]{subsubsection.6.25.1.1}{\376\377\0006\000.\0002\0005\000.\0001\000.\0001\000\040\000i\000m\000a\000g\000e\000\137\000l\000o\000a\000d\000\050\000\051}{subsection.6.25.1}% 396
\BOOKMARK [3][-]{subsubsection.6.25.1.2}{\376\377\0006\000.\0002\0005\000.\0001\000.\0002\000\040\000i\000m\000a\000g\000e\000\137\000u\000n\000l\000o\000a\000d\000\050\000\051}{subsection.6.25.1}% 397
\BOOKMARK [1][-]{section.6.26}{\376\377\0006\000.\0002\0006\000\040\000i\000m\000a\000g\000e\000.\000h}{chapter.6}% 398
\BOOKMARK [1][-]{section.6.27}{\376\377\0006\000.\0002\0007\000\040\000i\000n\000c\000l\000u\000d\000e\000/\000v\000a\000l\000l\000y\000/\000r\000e\000s\000o\000u\000r\000c\000e\000s\000/\000r\000e\000s\000o\000u\000r\000c\000e\000\137\000t\000y\000p\000e\000s\000.\000h\000\040\000F\000i\000l\000e\000\040\000R\000e\000f\000e\000r\000e\000n\000c\000e}{chapter.6}% 399
\BOOKMARK [2][-]{subsection.6.27.1}{\376\377\0006\000.\0002\0007\000.\0001\000\040\000T\000y\000p\000e\000d\000e\000f\000\040\000D\000o\000c\000u\000m\000e\000n\000t\000a\000t\000i\000o\000n}{section.6.27}% 400
\BOOKMARK [3][-]{subsubsection.6.27.1.1}{\376\377\0006\000.\0002\0007\000.\0001\000.\0001\000\040\000d\000e\000s\000t\000r\000u\000c\000t\000o\000r\000\137\000f\000u\000n}{subsection.6.27.1}% 401
\BOOKMARK [1][-]{section.6.28}{\376\377\0006\000.\0002\0008\000\040\000r\000e\000s\000o\000u\000r\000c\000e\000\137\000t\000y\000p\000e\000s\000.\000h}{chapter.6}% 402
\BOOKMARK [1][-]{section.6.29}{\376\377\0006\000.\0002\0009\000\040\000i\000n\000c\000l\000u\000d\000e\000/\000v\000a\000l\000l\000y\000/\000v\000a\000l\000l\000y\000.\000h\000\040\000F\000i\000l\000e\000\040\000R\000e\000f\000e\000r\000e\000n\000c\000e}{chapter.6}% 403
\BOOKMARK [1][-]{section.6.30}{\376\377\0006\000.\0003\0000\000\040\000v\000a\000l\000l\000y\000.\000h}{chapter.6}% 404
\BOOKMARK [0][-]{section*.45}{\376\377\000I\000n\000d\000e\000x}{}% 405
